2025-03-10T09:11:21.668-03:00  INFO 70464 --- [project-manager] [main] b.c.g.p.ProjectManagerApplication        : Starting ProjectManagerApplication using Java 21.0.5 with PID 70464 (C:\Users\gfcde\Downloads\project-manager\project-manager\target\classes started by gfcde in C:\Users\gfcde\Downloads\project-manager\project-manager)
2025-03-10T09:11:21.680-03:00  INFO 70464 --- [project-manager] [main] b.c.g.p.ProjectManagerApplication        : No active profile set, falling back to 1 default profile: "default"
2025-03-10T09:11:22.938-03:00  INFO 70464 --- [project-manager] [main] .s.d.r.c.RepositoryConfigurationDelegate : Bootstrapping Spring Data JPA repositories in DEFAULT mode.
2025-03-10T09:11:23.063-03:00  INFO 70464 --- [project-manager] [main] .s.d.r.c.RepositoryConfigurationDelegate : Finished Spring Data repository scanning in 104 ms. Found 6 JPA repository interfaces.
2025-03-10T09:11:24.099-03:00  INFO 70464 --- [project-manager] [main] o.s.b.w.embedded.tomcat.TomcatWebServer  : Tomcat initialized with port 8080 (http)
2025-03-10T09:11:24.128-03:00  INFO 70464 --- [project-manager] [main] o.apache.catalina.core.StandardService   : Starting service [Tomcat]
2025-03-10T09:11:24.128-03:00  INFO 70464 --- [project-manager] [main] o.apache.catalina.core.StandardEngine    : Starting Servlet engine: [Apache Tomcat/10.1.34]
2025-03-10T09:11:24.227-03:00  INFO 70464 --- [project-manager] [main] o.a.c.c.C.[Tomcat].[localhost].[/]       : Initializing Spring embedded WebApplicationContext
2025-03-10T09:11:24.228-03:00  INFO 70464 --- [project-manager] [main] w.s.c.ServletWebServerApplicationContext : Root WebApplicationContext: initialization completed in 2479 ms
2025-03-10T09:11:24.478-03:00  INFO 70464 --- [project-manager] [main] o.hibernate.jpa.internal.util.LogHelper  : HHH000204: Processing PersistenceUnitInfo [name: default]
2025-03-10T09:11:24.597-03:00  INFO 70464 --- [project-manager] [main] org.hibernate.Version                    : HHH000412: Hibernate ORM core version 6.6.5.Final
2025-03-10T09:11:24.661-03:00  INFO 70464 --- [project-manager] [main] o.h.c.internal.RegionFactoryInitiator    : HHH000026: Second-level cache disabled
2025-03-10T09:11:25.126-03:00  INFO 70464 --- [project-manager] [main] o.s.o.j.p.SpringPersistenceUnitInfo      : No LoadTimeWeaver setup: ignoring JPA class transformer
2025-03-10T09:11:25.178-03:00  INFO 70464 --- [project-manager] [main] com.zaxxer.hikari.HikariDataSource       : HikariPool-1 - Starting...
2025-03-10T09:11:25.467-03:00  INFO 70464 --- [project-manager] [main] com.zaxxer.hikari.pool.HikariPool        : HikariPool-1 - Added connection org.postgresql.jdbc.PgConnection@7df4709e
2025-03-10T09:11:25.470-03:00  INFO 70464 --- [project-manager] [main] com.zaxxer.hikari.HikariDataSource       : HikariPool-1 - Start completed.
2025-03-10T09:11:25.558-03:00  WARN 70464 --- [project-manager] [main] org.hibernate.orm.deprecation            : HHH90000025: PostgreSQLDialect does not need to be specified explicitly using 'hibernate.dialect' (remove the property setting and it will be selected by default)
2025-03-10T09:11:25.592-03:00  INFO 70464 --- [project-manager] [main] org.hibernate.orm.connections.pooling    : HHH10001005: Database info:
	Database JDBC URL [Connecting through datasource 'HikariDataSource (HikariPool-1)']
	Database driver: undefined/unknown
	Database version: 16.3
	Autocommit mode: undefined/unknown
	Isolation level: undefined/unknown
	Minimum pool size: undefined/unknown
	Maximum pool size: undefined/unknown
2025-03-10T09:11:27.117-03:00  INFO 70464 --- [project-manager] [main] o.h.e.t.j.p.i.JtaPlatformInitiator       : HHH000489: No JTA platform available (set 'hibernate.transaction.jta.platform' to enable JTA platform integration)
2025-03-10T09:11:27.142-03:00 DEBUG 70464 --- [project-manager] [main] org.hibernate.SQL                        : set client_min_messages = WARNING
2025-03-10T09:11:27.146-03:00 DEBUG 70464 --- [project-manager] [main] org.hibernate.SQL                        : alter table if exists gfc_projects drop constraint if exists FKqql8s5ocup1p0cxqx5h9ysm4w
2025-03-10T09:11:27.168-03:00 DEBUG 70464 --- [project-manager] [main] org.hibernate.SQL                        : alter table if exists gfc_projects drop constraint if exists FKr3ktwydaynneaxhcstse0bo6v
2025-03-10T09:11:27.172-03:00 DEBUG 70464 --- [project-manager] [main] org.hibernate.SQL                        : alter table if exists gfc_task drop constraint if exists FKae0m4m83jao2o4ass2gx0hr8m
2025-03-10T09:11:27.174-03:00 DEBUG 70464 --- [project-manager] [main] org.hibernate.SQL                        : alter table if exists gfc_task_user drop constraint if exists FKniqrr5e9a3lsd9eoiipgar3ko
2025-03-10T09:11:27.177-03:00 DEBUG 70464 --- [project-manager] [main] org.hibernate.SQL                        : alter table if exists gfc_task_user drop constraint if exists FKc73b41ppg1r7j7olefmwwvmrw
2025-03-10T09:11:27.179-03:00 DEBUG 70464 --- [project-manager] [main] org.hibernate.SQL                        : alter table if exists gfc_time_entry drop constraint if exists FKsom2e3amyyyuc9njp4rb7gy5h
2025-03-10T09:11:27.182-03:00 DEBUG 70464 --- [project-manager] [main] org.hibernate.SQL                        : alter table if exists gfc_time_entry drop constraint if exists FKkt3wtlvbasar47lf66dk9g4dy
2025-03-10T09:11:27.185-03:00 DEBUG 70464 --- [project-manager] [main] org.hibernate.SQL                        : alter table if exists gfc_user_verification drop constraint if exists FKjghgv6gdww14cekdfspovhiwd
2025-03-10T09:11:27.187-03:00 DEBUG 70464 --- [project-manager] [main] org.hibernate.SQL                        : alter table if exists project_team drop constraint if exists FKneo1xup6li9qgv1cbwpamak3a
2025-03-10T09:11:27.189-03:00 DEBUG 70464 --- [project-manager] [main] org.hibernate.SQL                        : alter table if exists project_team drop constraint if exists FK6unn1aihx508a3epiatkfsqmd
2025-03-10T09:11:27.191-03:00 DEBUG 70464 --- [project-manager] [main] org.hibernate.SQL                        : drop table if exists gfc_clients cascade
2025-03-10T09:11:27.209-03:00 DEBUG 70464 --- [project-manager] [main] org.hibernate.SQL                        : drop table if exists gfc_projects cascade
2025-03-10T09:11:27.221-03:00 DEBUG 70464 --- [project-manager] [main] org.hibernate.SQL                        : drop table if exists gfc_task cascade
2025-03-10T09:11:27.229-03:00 DEBUG 70464 --- [project-manager] [main] org.hibernate.SQL                        : drop table if exists gfc_task_user cascade
2025-03-10T09:11:27.234-03:00 DEBUG 70464 --- [project-manager] [main] org.hibernate.SQL                        : drop table if exists gfc_time_entry cascade
2025-03-10T09:11:27.239-03:00 DEBUG 70464 --- [project-manager] [main] org.hibernate.SQL                        : drop table if exists gfc_user cascade
2025-03-10T09:11:27.250-03:00 DEBUG 70464 --- [project-manager] [main] org.hibernate.SQL                        : drop table if exists gfc_user_verification cascade
2025-03-10T09:11:27.256-03:00 DEBUG 70464 --- [project-manager] [main] org.hibernate.SQL                        : drop table if exists project_team cascade
2025-03-10T09:11:27.266-03:00 DEBUG 70464 --- [project-manager] [main] org.hibernate.SQL                        : create table gfc_clients (id bigint generated by default as identity, address varchar(255), cnpj varchar(255) unique, cpf varchar(255) not null unique, email varchar(255) not null, name varchar(255) not null, phone varchar(255) not null, razao_social varchar(255), primary key (id))
2025-03-10T09:11:27.299-03:00 DEBUG 70464 --- [project-manager] [main] org.hibernate.SQL                        : create table gfc_projects (deadline date not null, hours float4 not null, start_date date not null, client_id bigint not null, id bigint generated by default as identity, manager_id bigint not null, description varchar(255) not null, name varchar(255) not null, status varchar(255) not null check (status in ('NOT_STARTED','IN_PROGRESS','COMPLETED','ON_HOLD','CANCELED')), primary key (id))
2025-03-10T09:11:27.315-03:00 DEBUG 70464 --- [project-manager] [main] org.hibernate.SQL                        : create table gfc_task (deadline date not null, estimated_hours float(53) not null, start_date date not null, total_hours float(53) not null, id bigint generated by default as identity, project_id bigint not null, description varchar(255) not null, name varchar(255) not null, priority varchar(255) not null check (priority in ('LOW','MEDIUM','HIGH')), status varchar(255) not null check (status in ('NOT_STARTED','IN_PROGRESS','COMPLETED','ON_HOLD','CANCELED')), primary key (id))
2025-03-10T09:11:27.325-03:00 DEBUG 70464 --- [project-manager] [main] org.hibernate.SQL                        : create table gfc_task_user (task_id bigint not null, user_id bigint not null, primary key (task_id, user_id))
2025-03-10T09:11:27.330-03:00 DEBUG 70464 --- [project-manager] [main] org.hibernate.SQL                        : create table gfc_time_entry (end_time time(6) not null, entry_date date not null, start_time time(6) not null, total_hours float(53), id bigint generated by default as identity, task_id bigint, user_id bigint, description varchar(255) not null, primary key (id))
2025-03-10T09:11:27.337-03:00 DEBUG 70464 --- [project-manager] [main] org.hibernate.SQL                        : create table gfc_user (join_date date not null, code_expiration_date timestamp(6), id bigint generated by default as identity, email varchar(255) not null unique, login varchar(255) not null unique, name varchar(255) not null, password varchar(255), reset_password_code varchar(255), role varchar(255) not null check (role in ('ADMIN','MANAGER','USER')), primary key (id))
2025-03-10T09:11:27.351-03:00 DEBUG 70464 --- [project-manager] [main] org.hibernate.SQL                        : create table gfc_user_verification (date_expiration timestamp(6) with time zone, id bigint generated by default as identity, user_id bigint, uuid uuid, primary key (id))
2025-03-10T09:11:27.357-03:00 DEBUG 70464 --- [project-manager] [main] org.hibernate.SQL                        : create table project_team (project_id bigint not null, user_id bigint not null, primary key (project_id, user_id))
2025-03-10T09:11:27.362-03:00 DEBUG 70464 --- [project-manager] [main] org.hibernate.SQL                        : alter table if exists gfc_projects add constraint FKqql8s5ocup1p0cxqx5h9ysm4w foreign key (client_id) references gfc_clients
2025-03-10T09:11:27.375-03:00 DEBUG 70464 --- [project-manager] [main] org.hibernate.SQL                        : alter table if exists gfc_projects add constraint FKr3ktwydaynneaxhcstse0bo6v foreign key (manager_id) references gfc_user
2025-03-10T09:11:27.380-03:00 DEBUG 70464 --- [project-manager] [main] org.hibernate.SQL                        : alter table if exists gfc_task add constraint FKae0m4m83jao2o4ass2gx0hr8m foreign key (project_id) references gfc_projects
2025-03-10T09:11:27.384-03:00 DEBUG 70464 --- [project-manager] [main] org.hibernate.SQL                        : alter table if exists gfc_task_user add constraint FKniqrr5e9a3lsd9eoiipgar3ko foreign key (user_id) references gfc_user
2025-03-10T09:11:27.388-03:00 DEBUG 70464 --- [project-manager] [main] org.hibernate.SQL                        : alter table if exists gfc_task_user add constraint FKc73b41ppg1r7j7olefmwwvmrw foreign key (task_id) references gfc_task
2025-03-10T09:11:27.391-03:00 DEBUG 70464 --- [project-manager] [main] org.hibernate.SQL                        : alter table if exists gfc_time_entry add constraint FKsom2e3amyyyuc9njp4rb7gy5h foreign key (task_id) references gfc_task
2025-03-10T09:11:27.395-03:00 DEBUG 70464 --- [project-manager] [main] org.hibernate.SQL                        : alter table if exists gfc_time_entry add constraint FKkt3wtlvbasar47lf66dk9g4dy foreign key (user_id) references gfc_user
2025-03-10T09:11:27.398-03:00 DEBUG 70464 --- [project-manager] [main] org.hibernate.SQL                        : alter table if exists gfc_user_verification add constraint FKjghgv6gdww14cekdfspovhiwd foreign key (user_id) references gfc_user
2025-03-10T09:11:27.402-03:00 DEBUG 70464 --- [project-manager] [main] org.hibernate.SQL                        : alter table if exists project_team add constraint FKneo1xup6li9qgv1cbwpamak3a foreign key (user_id) references gfc_user
2025-03-10T09:11:27.407-03:00 DEBUG 70464 --- [project-manager] [main] org.hibernate.SQL                        : alter table if exists project_team add constraint FK6unn1aihx508a3epiatkfsqmd foreign key (project_id) references gfc_projects
2025-03-10T09:11:27.415-03:00  INFO 70464 --- [project-manager] [main] j.LocalContainerEntityManagerFactoryBean : Initialized JPA EntityManagerFactory for persistence unit 'default'
2025-03-10T09:11:27.992-03:00  INFO 70464 --- [project-manager] [main] r$InitializeUserDetailsManagerConfigurer : Global AuthenticationManager configured with UserDetailsService bean with name userDetailServiceImpl
2025-03-10T09:11:28.304-03:00  WARN 70464 --- [project-manager] [main] JpaBaseConfiguration$JpaWebConfiguration : spring.jpa.open-in-view is enabled by default. Therefore, database queries may be performed during view rendering. Explicitly configure spring.jpa.open-in-view to disable this warning
2025-03-10T09:11:28.779-03:00 DEBUG 70464 --- [project-manager] [main] s.w.s.m.m.a.RequestMappingHandlerMapping : 31 mappings in 'requestMappingHandlerMapping'
2025-03-10T09:11:28.919-03:00 DEBUG 70464 --- [project-manager] [main] o.s.w.s.handler.SimpleUrlHandlerMapping  : Patterns [/webjars/**, /**] in 'resourceHandlerMapping'
2025-03-10T09:11:29.067-03:00 DEBUG 70464 --- [project-manager] [main] s.w.s.m.m.a.RequestMappingHandlerAdapter : ControllerAdvice beans: 0 @ModelAttribute, 0 @InitBinder, 1 RequestBodyAdvice, 1 ResponseBodyAdvice
2025-03-10T09:11:29.204-03:00 DEBUG 70464 --- [project-manager] [main] .m.m.a.ExceptionHandlerExceptionResolver : ControllerAdvice beans: 0 @ExceptionHandler, 1 ResponseBodyAdvice
2025-03-10T09:11:29.529-03:00  INFO 70464 --- [project-manager] [main] o.s.b.w.embedded.tomcat.TomcatWebServer  : Tomcat started on port 8080 (http) with context path '/'
2025-03-10T09:11:29.542-03:00  INFO 70464 --- [project-manager] [main] b.c.g.p.ProjectManagerApplication        : Started ProjectManagerApplication in 8.394 seconds (process running for 8.775)
2025-03-10T09:11:29.807-03:00 DEBUG 70464 --- [project-manager] [main] org.hibernate.SQL                        : select ue1_0.id,ue1_0.code_expiration_date,ue1_0.email,ue1_0.join_date,ue1_0.login,ue1_0.name,ue1_0.password,ue1_0.reset_password_code,ue1_0.role from gfc_user ue1_0 where ue1_0.login=?
2025-03-10T09:11:30.037-03:00 DEBUG 70464 --- [project-manager] [main] org.hibernate.SQL                        : insert into gfc_user (code_expiration_date,email,join_date,login,name,password,reset_password_code,role) values (?,?,?,?,?,?,?,?)
2025-03-10T09:11:30.098-03:00 DEBUG 70464 --- [project-manager] [main] org.hibernate.SQL                        : select ue1_0.id,ue1_0.code_expiration_date,ue1_0.email,ue1_0.join_date,ue1_0.login,ue1_0.name,ue1_0.password,ue1_0.reset_password_code,ue1_0.role from gfc_user ue1_0 where ue1_0.login=?
2025-03-10T09:11:30.194-03:00 DEBUG 70464 --- [project-manager] [main] org.hibernate.SQL                        : insert into gfc_user (code_expiration_date,email,join_date,login,name,password,reset_password_code,role) values (?,?,?,?,?,?,?,?)
2025-03-10T09:45:05.331-03:00  INFO 70464 --- [project-manager] [http-nio-8080-exec-1] o.a.c.c.C.[Tomcat].[localhost].[/]       : Initializing Spring DispatcherServlet 'dispatcherServlet'
2025-03-10T09:45:05.341-03:00  INFO 70464 --- [project-manager] [http-nio-8080-exec-1] o.s.web.servlet.DispatcherServlet        : Initializing Servlet 'dispatcherServlet'
2025-03-10T09:45:05.350-03:00 DEBUG 70464 --- [project-manager] [http-nio-8080-exec-1] o.s.web.servlet.DispatcherServlet        : Detected StandardServletMultipartResolver
2025-03-10T09:45:05.351-03:00 DEBUG 70464 --- [project-manager] [http-nio-8080-exec-1] o.s.web.servlet.DispatcherServlet        : Detected AcceptHeaderLocaleResolver
2025-03-10T09:45:05.352-03:00 DEBUG 70464 --- [project-manager] [http-nio-8080-exec-1] o.s.web.servlet.DispatcherServlet        : Detected FixedThemeResolver
2025-03-10T09:45:05.384-03:00 DEBUG 70464 --- [project-manager] [http-nio-8080-exec-1] o.s.web.servlet.DispatcherServlet        : Detected org.springframework.web.servlet.view.DefaultRequestToViewNameTranslator@602e7a9e
2025-03-10T09:45:05.385-03:00 DEBUG 70464 --- [project-manager] [http-nio-8080-exec-1] o.s.web.servlet.DispatcherServlet        : Detected org.springframework.web.servlet.support.SessionFlashMapManager@329a27ae
2025-03-10T09:45:05.387-03:00 DEBUG 70464 --- [project-manager] [http-nio-8080-exec-1] o.s.web.servlet.DispatcherServlet        : enableLoggingRequestDetails='false': request parameters and headers will be masked to prevent unsafe logging of potentially sensitive data
2025-03-10T09:45:05.387-03:00  INFO 70464 --- [project-manager] [http-nio-8080-exec-1] o.s.web.servlet.DispatcherServlet        : Completed initialization in 41 ms
2025-03-10T09:45:05.657-03:00 DEBUG 70464 --- [project-manager] [http-nio-8080-exec-2] o.s.web.servlet.DispatcherServlet        : POST "/auth/login", parameters={}
2025-03-10T09:45:05.660-03:00 DEBUG 70464 --- [project-manager] [http-nio-8080-exec-2] s.w.s.m.m.a.RequestMappingHandlerMapping : Mapped to br.com.gfctech.project_manager.controller.AuthController#login(AuthenticationDTO)
2025-03-10T09:45:05.758-03:00 DEBUG 70464 --- [project-manager] [http-nio-8080-exec-2] m.m.a.RequestResponseBodyMethodProcessor : Read "application/json;charset=UTF-8" to [br.com.gfctech.project_manager.dto.AuthenticationDTO@25fa929]
2025-03-10T09:45:05.848-03:00 DEBUG 70464 --- [project-manager] [http-nio-8080-exec-2] org.hibernate.SQL                        : select ue1_0.id,ue1_0.code_expiration_date,ue1_0.email,ue1_0.join_date,ue1_0.login,ue1_0.name,ue1_0.password,ue1_0.reset_password_code,ue1_0.role from gfc_user ue1_0 where ue1_0.login=?
2025-03-10T09:45:05.926-03:00 DEBUG 70464 --- [project-manager] [http-nio-8080-exec-2] o.s.w.s.m.m.a.HttpEntityMethodProcessor  : Using 'application/json', given [application/json, text/plain, */*] and supported [application/json, application/*+json]
2025-03-10T09:45:05.928-03:00 DEBUG 70464 --- [project-manager] [http-nio-8080-exec-2] o.s.w.s.m.m.a.HttpEntityMethodProcessor  : Writing [{message=Credenciais inválidas, status=error}]
2025-03-10T09:45:05.940-03:00 DEBUG 70464 --- [project-manager] [http-nio-8080-exec-2] o.s.web.servlet.DispatcherServlet        : Completed 401 UNAUTHORIZED
2025-03-10T09:58:00.683-03:00 DEBUG 70464 --- [project-manager] [http-nio-8080-exec-4] o.s.web.servlet.DispatcherServlet        : POST "/auth/login", parameters={}
2025-03-10T09:58:00.684-03:00 DEBUG 70464 --- [project-manager] [http-nio-8080-exec-4] s.w.s.m.m.a.RequestMappingHandlerMapping : Mapped to br.com.gfctech.project_manager.controller.AuthController#login(AuthenticationDTO)
2025-03-10T09:58:00.686-03:00 DEBUG 70464 --- [project-manager] [http-nio-8080-exec-4] m.m.a.RequestResponseBodyMethodProcessor : Read "application/json;charset=UTF-8" to [br.com.gfctech.project_manager.dto.AuthenticationDTO@f50e36d]
2025-03-10T09:58:00.690-03:00 DEBUG 70464 --- [project-manager] [http-nio-8080-exec-4] org.hibernate.SQL                        : select ue1_0.id,ue1_0.code_expiration_date,ue1_0.email,ue1_0.join_date,ue1_0.login,ue1_0.name,ue1_0.password,ue1_0.reset_password_code,ue1_0.role from gfc_user ue1_0 where ue1_0.login=?
2025-03-10T09:58:00.827-03:00 DEBUG 70464 --- [project-manager] [http-nio-8080-exec-4] o.s.w.s.m.m.a.HttpEntityMethodProcessor  : Using 'application/json', given [application/json, text/plain, */*] and supported [application/json, application/*+json]
2025-03-10T09:58:00.828-03:00 DEBUG 70464 --- [project-manager] [http-nio-8080-exec-4] o.s.w.s.m.m.a.HttpEntityMethodProcessor  : Writing [br.com.gfctech.project_manager.dto.AcessDTO@6b0accfd]
2025-03-10T09:58:00.830-03:00 DEBUG 70464 --- [project-manager] [http-nio-8080-exec-4] o.s.web.servlet.DispatcherServlet        : Completed 200 OK
2025-03-10T10:09:22.974-03:00 DEBUG 70464 --- [project-manager] [http-nio-8080-exec-8] org.hibernate.SQL                        : select ue1_0.id,ue1_0.code_expiration_date,ue1_0.email,ue1_0.join_date,ue1_0.login,ue1_0.name,ue1_0.password,ue1_0.reset_password_code,ue1_0.role from gfc_user ue1_0 where ue1_0.login=?
2025-03-10T10:09:22.980-03:00 DEBUG 70464 --- [project-manager] [http-nio-8080-exec-8] o.s.web.servlet.DispatcherServlet        : POST "/auth/generate-reset-code", parameters={}
2025-03-10T10:09:22.981-03:00 DEBUG 70464 --- [project-manager] [http-nio-8080-exec-8] s.w.s.m.m.a.RequestMappingHandlerMapping : Mapped to br.com.gfctech.project_manager.controller.AuthController#generateResetCode(Map)
2025-03-10T10:09:22.987-03:00 DEBUG 70464 --- [project-manager] [http-nio-8080-exec-8] m.m.a.RequestResponseBodyMethodProcessor : Read "application/json;charset=UTF-8" to [{email=gabrielfeifer21@gmail.com}]
2025-03-10T10:09:23.022-03:00 DEBUG 70464 --- [project-manager] [http-nio-8080-exec-8] org.hibernate.SQL                        : select ue1_0.id,ue1_0.code_expiration_date,ue1_0.email,ue1_0.join_date,ue1_0.login,ue1_0.name,ue1_0.password,ue1_0.reset_password_code,ue1_0.role from gfc_user ue1_0 where ue1_0.email=?
2025-03-10T10:09:29.261-03:00 DEBUG 70464 --- [project-manager] [http-nio-8080-exec-8] org.hibernate.SQL                        : update gfc_user set code_expiration_date=?,email=?,join_date=?,login=?,name=?,password=?,reset_password_code=?,role=? where id=?
2025-03-10T10:09:29.277-03:00 DEBUG 70464 --- [project-manager] [http-nio-8080-exec-8] o.s.w.s.m.m.a.HttpEntityMethodProcessor  : Using 'application/json', given [application/json, text/plain, */*] and supported [text/plain, */*, application/json, application/*+json]
2025-03-10T10:09:29.279-03:00 DEBUG 70464 --- [project-manager] [http-nio-8080-exec-8] o.s.w.s.m.m.a.HttpEntityMethodProcessor  : Writing ["Código de reset gerado e enviado para o e-mail."]
2025-03-10T10:09:29.281-03:00 DEBUG 70464 --- [project-manager] [http-nio-8080-exec-8] o.s.web.servlet.DispatcherServlet        : Completed 200 OK
2025-03-10T10:19:12.672-03:00 DEBUG 70464 --- [project-manager] [http-nio-8080-exec-10] org.hibernate.SQL                        : select ue1_0.id,ue1_0.code_expiration_date,ue1_0.email,ue1_0.join_date,ue1_0.login,ue1_0.name,ue1_0.password,ue1_0.reset_password_code,ue1_0.role from gfc_user ue1_0 where ue1_0.login=?
2025-03-10T10:19:12.689-03:00 DEBUG 70464 --- [project-manager] [http-nio-8080-exec-10] o.s.web.servlet.DispatcherServlet        : POST "/auth/generate-reset-code", parameters={}
2025-03-10T10:19:12.690-03:00 DEBUG 70464 --- [project-manager] [http-nio-8080-exec-10] s.w.s.m.m.a.RequestMappingHandlerMapping : Mapped to br.com.gfctech.project_manager.controller.AuthController#generateResetCode(Map)
2025-03-10T10:19:12.692-03:00 DEBUG 70464 --- [project-manager] [http-nio-8080-exec-10] m.m.a.RequestResponseBodyMethodProcessor : Read "application/json;charset=UTF-8" to [{email=gabrielfeifer21@gmail.com}]
2025-03-10T10:19:12.695-03:00 DEBUG 70464 --- [project-manager] [http-nio-8080-exec-10] org.hibernate.SQL                        : select ue1_0.id,ue1_0.code_expiration_date,ue1_0.email,ue1_0.join_date,ue1_0.login,ue1_0.name,ue1_0.password,ue1_0.reset_password_code,ue1_0.role from gfc_user ue1_0 where ue1_0.email=?
2025-03-10T10:19:17.557-03:00 DEBUG 70464 --- [project-manager] [http-nio-8080-exec-10] org.hibernate.SQL                        : update gfc_user set code_expiration_date=?,email=?,join_date=?,login=?,name=?,password=?,reset_password_code=?,role=? where id=?
2025-03-10T10:19:17.557-03:00 DEBUG 70464 --- [project-manager] [http-nio-8080-exec-10] o.s.w.s.m.m.a.HttpEntityMethodProcessor  : Using 'application/json', given [application/json, text/plain, */*] and supported [text/plain, */*, application/json, application/*+json]
2025-03-10T10:19:17.557-03:00 DEBUG 70464 --- [project-manager] [http-nio-8080-exec-10] o.s.w.s.m.m.a.HttpEntityMethodProcessor  : Writing ["Código de reset gerado e enviado para o e-mail."]
2025-03-10T10:19:17.572-03:00 DEBUG 70464 --- [project-manager] [http-nio-8080-exec-10] o.s.web.servlet.DispatcherServlet        : Completed 200 OK
2025-03-10T10:19:21.691-03:00 DEBUG 70464 --- [project-manager] [http-nio-8080-exec-6] org.hibernate.SQL                        : select ue1_0.id,ue1_0.code_expiration_date,ue1_0.email,ue1_0.join_date,ue1_0.login,ue1_0.name,ue1_0.password,ue1_0.reset_password_code,ue1_0.role from gfc_user ue1_0 where ue1_0.login=?
2025-03-10T10:19:21.694-03:00 DEBUG 70464 --- [project-manager] [http-nio-8080-exec-6] o.s.web.servlet.DispatcherServlet        : POST "/auth/generate-reset-code", parameters={}
2025-03-10T10:19:21.694-03:00 DEBUG 70464 --- [project-manager] [http-nio-8080-exec-6] s.w.s.m.m.a.RequestMappingHandlerMapping : Mapped to br.com.gfctech.project_manager.controller.AuthController#generateResetCode(Map)
2025-03-10T10:19:21.698-03:00 DEBUG 70464 --- [project-manager] [http-nio-8080-exec-6] m.m.a.RequestResponseBodyMethodProcessor : Read "application/json;charset=UTF-8" to [{email=gabrielfeifer21@gmail.com}]
2025-03-10T10:19:21.700-03:00 DEBUG 70464 --- [project-manager] [http-nio-8080-exec-6] org.hibernate.SQL                        : select ue1_0.id,ue1_0.code_expiration_date,ue1_0.email,ue1_0.join_date,ue1_0.login,ue1_0.name,ue1_0.password,ue1_0.reset_password_code,ue1_0.role from gfc_user ue1_0 where ue1_0.email=?
2025-03-10T10:19:26.057-03:00 DEBUG 70464 --- [project-manager] [http-nio-8080-exec-6] org.hibernate.SQL                        : update gfc_user set code_expiration_date=?,email=?,join_date=?,login=?,name=?,password=?,reset_password_code=?,role=? where id=?
2025-03-10T10:19:26.071-03:00 DEBUG 70464 --- [project-manager] [http-nio-8080-exec-6] o.s.w.s.m.m.a.HttpEntityMethodProcessor  : Using 'application/json', given [application/json, text/plain, */*] and supported [text/plain, */*, application/json, application/*+json]
2025-03-10T10:19:26.071-03:00 DEBUG 70464 --- [project-manager] [http-nio-8080-exec-6] o.s.w.s.m.m.a.HttpEntityMethodProcessor  : Writing ["Código de reset gerado e enviado para o e-mail."]
2025-03-10T10:19:26.076-03:00 DEBUG 70464 --- [project-manager] [http-nio-8080-exec-6] o.s.web.servlet.DispatcherServlet        : Completed 200 OK
2025-03-10T10:21:19.284-03:00 DEBUG 70464 --- [project-manager] [http-nio-8080-exec-2] org.hibernate.SQL                        : select ue1_0.id,ue1_0.code_expiration_date,ue1_0.email,ue1_0.join_date,ue1_0.login,ue1_0.name,ue1_0.password,ue1_0.reset_password_code,ue1_0.role from gfc_user ue1_0 where ue1_0.login=?
2025-03-10T10:21:19.288-03:00 DEBUG 70464 --- [project-manager] [http-nio-8080-exec-2] o.s.web.servlet.DispatcherServlet        : POST "/auth/generate-reset-code", parameters={}
2025-03-10T10:21:19.289-03:00 DEBUG 70464 --- [project-manager] [http-nio-8080-exec-2] s.w.s.m.m.a.RequestMappingHandlerMapping : Mapped to br.com.gfctech.project_manager.controller.AuthController#generateResetCode(Map)
2025-03-10T10:21:19.290-03:00 DEBUG 70464 --- [project-manager] [http-nio-8080-exec-2] m.m.a.RequestResponseBodyMethodProcessor : Read "application/json;charset=UTF-8" to [{email=gabrielfeifer21@gmail.com}]
2025-03-10T10:21:19.292-03:00 DEBUG 70464 --- [project-manager] [http-nio-8080-exec-2] org.hibernate.SQL                        : select ue1_0.id,ue1_0.code_expiration_date,ue1_0.email,ue1_0.join_date,ue1_0.login,ue1_0.name,ue1_0.password,ue1_0.reset_password_code,ue1_0.role from gfc_user ue1_0 where ue1_0.email=?
2025-03-10T10:21:24.235-03:00 DEBUG 70464 --- [project-manager] [http-nio-8080-exec-2] org.hibernate.SQL                        : update gfc_user set code_expiration_date=?,email=?,join_date=?,login=?,name=?,password=?,reset_password_code=?,role=? where id=?
2025-03-10T10:21:24.243-03:00 DEBUG 70464 --- [project-manager] [http-nio-8080-exec-2] o.s.w.s.m.m.a.HttpEntityMethodProcessor  : Using 'application/json', given [application/json, text/plain, */*] and supported [text/plain, */*, application/json, application/*+json]
2025-03-10T10:21:24.245-03:00 DEBUG 70464 --- [project-manager] [http-nio-8080-exec-2] o.s.w.s.m.m.a.HttpEntityMethodProcessor  : Writing ["Código de reset gerado e enviado para o e-mail."]
2025-03-10T10:21:24.246-03:00 DEBUG 70464 --- [project-manager] [http-nio-8080-exec-2] o.s.web.servlet.DispatcherServlet        : Completed 200 OK
2025-03-10T10:22:14.669-03:00 DEBUG 70464 --- [project-manager] [http-nio-8080-exec-3] org.hibernate.SQL                        : select ue1_0.id,ue1_0.code_expiration_date,ue1_0.email,ue1_0.join_date,ue1_0.login,ue1_0.name,ue1_0.password,ue1_0.reset_password_code,ue1_0.role from gfc_user ue1_0 where ue1_0.login=?
2025-03-10T10:22:14.673-03:00 DEBUG 70464 --- [project-manager] [http-nio-8080-exec-3] o.s.web.servlet.DispatcherServlet        : POST "/auth/generate-reset-code", parameters={}
2025-03-10T10:22:14.674-03:00 DEBUG 70464 --- [project-manager] [http-nio-8080-exec-3] s.w.s.m.m.a.RequestMappingHandlerMapping : Mapped to br.com.gfctech.project_manager.controller.AuthController#generateResetCode(Map)
2025-03-10T10:22:14.675-03:00 DEBUG 70464 --- [project-manager] [http-nio-8080-exec-3] m.m.a.RequestResponseBodyMethodProcessor : Read "application/json;charset=UTF-8" to [{email=gabrielfeifer21@gmail.com}]
2025-03-10T10:22:14.678-03:00 DEBUG 70464 --- [project-manager] [http-nio-8080-exec-3] org.hibernate.SQL                        : select ue1_0.id,ue1_0.code_expiration_date,ue1_0.email,ue1_0.join_date,ue1_0.login,ue1_0.name,ue1_0.password,ue1_0.reset_password_code,ue1_0.role from gfc_user ue1_0 where ue1_0.email=?
2025-03-10T10:22:19.597-03:00 DEBUG 70464 --- [project-manager] [http-nio-8080-exec-3] org.hibernate.SQL                        : update gfc_user set code_expiration_date=?,email=?,join_date=?,login=?,name=?,password=?,reset_password_code=?,role=? where id=?
2025-03-10T10:22:19.617-03:00 DEBUG 70464 --- [project-manager] [http-nio-8080-exec-3] o.s.w.s.m.m.a.HttpEntityMethodProcessor  : Using 'application/json', given [application/json, text/plain, */*] and supported [text/plain, */*, application/json, application/*+json]
2025-03-10T10:22:19.618-03:00 DEBUG 70464 --- [project-manager] [http-nio-8080-exec-3] o.s.w.s.m.m.a.HttpEntityMethodProcessor  : Writing ["Código de reset gerado e enviado para o e-mail."]
2025-03-10T10:22:19.621-03:00 DEBUG 70464 --- [project-manager] [http-nio-8080-exec-3] o.s.web.servlet.DispatcherServlet        : Completed 200 OK
2025-03-10T10:24:27.226-03:00 DEBUG 70464 --- [project-manager] [http-nio-8080-exec-5] org.hibernate.SQL                        : select ue1_0.id,ue1_0.code_expiration_date,ue1_0.email,ue1_0.join_date,ue1_0.login,ue1_0.name,ue1_0.password,ue1_0.reset_password_code,ue1_0.role from gfc_user ue1_0 where ue1_0.login=?
2025-03-10T10:24:27.231-03:00 DEBUG 70464 --- [project-manager] [http-nio-8080-exec-5] o.s.web.servlet.DispatcherServlet        : POST "/auth/generate-reset-code", parameters={}
2025-03-10T10:24:27.232-03:00 DEBUG 70464 --- [project-manager] [http-nio-8080-exec-5] s.w.s.m.m.a.RequestMappingHandlerMapping : Mapped to br.com.gfctech.project_manager.controller.AuthController#generateResetCode(Map)
2025-03-10T10:24:27.233-03:00 DEBUG 70464 --- [project-manager] [http-nio-8080-exec-5] m.m.a.RequestResponseBodyMethodProcessor : Read "application/json;charset=UTF-8" to [{email=gabrielfeifer21@gmail.com}]
2025-03-10T10:24:27.235-03:00 DEBUG 70464 --- [project-manager] [http-nio-8080-exec-5] org.hibernate.SQL                        : select ue1_0.id,ue1_0.code_expiration_date,ue1_0.email,ue1_0.join_date,ue1_0.login,ue1_0.name,ue1_0.password,ue1_0.reset_password_code,ue1_0.role from gfc_user ue1_0 where ue1_0.email=?
2025-03-10T10:24:31.624-03:00 DEBUG 70464 --- [project-manager] [http-nio-8080-exec-5] org.hibernate.SQL                        : update gfc_user set code_expiration_date=?,email=?,join_date=?,login=?,name=?,password=?,reset_password_code=?,role=? where id=?
2025-03-10T10:24:31.640-03:00 DEBUG 70464 --- [project-manager] [http-nio-8080-exec-5] o.s.w.s.m.m.a.HttpEntityMethodProcessor  : Using 'application/json', given [application/json, text/plain, */*] and supported [text/plain, */*, application/json, application/*+json]
2025-03-10T10:24:31.640-03:00 DEBUG 70464 --- [project-manager] [http-nio-8080-exec-5] o.s.w.s.m.m.a.HttpEntityMethodProcessor  : Writing ["Código de reset gerado e enviado para o e-mail."]
2025-03-10T10:24:31.644-03:00 DEBUG 70464 --- [project-manager] [http-nio-8080-exec-5] o.s.web.servlet.DispatcherServlet        : Completed 200 OK
2025-03-10T10:34:05.843-03:00 DEBUG 70464 --- [project-manager] [http-nio-8080-exec-8] org.hibernate.SQL                        : select ue1_0.id,ue1_0.code_expiration_date,ue1_0.email,ue1_0.join_date,ue1_0.login,ue1_0.name,ue1_0.password,ue1_0.reset_password_code,ue1_0.role from gfc_user ue1_0 where ue1_0.login=?
2025-03-10T10:34:05.864-03:00 DEBUG 70464 --- [project-manager] [http-nio-8080-exec-8] o.s.web.servlet.DispatcherServlet        : POST "/auth/generate-reset-code", parameters={}
2025-03-10T10:34:05.865-03:00 DEBUG 70464 --- [project-manager] [http-nio-8080-exec-8] s.w.s.m.m.a.RequestMappingHandlerMapping : Mapped to br.com.gfctech.project_manager.controller.AuthController#generateResetCode(Map)
2025-03-10T10:34:05.865-03:00 DEBUG 70464 --- [project-manager] [http-nio-8080-exec-8] m.m.a.RequestResponseBodyMethodProcessor : Read "application/json;charset=UTF-8" to [{email=gabrielfeifer21@gmail.com}]
2025-03-10T10:34:05.873-03:00 DEBUG 70464 --- [project-manager] [http-nio-8080-exec-8] org.hibernate.SQL                        : select ue1_0.id,ue1_0.code_expiration_date,ue1_0.email,ue1_0.join_date,ue1_0.login,ue1_0.name,ue1_0.password,ue1_0.reset_password_code,ue1_0.role from gfc_user ue1_0 where ue1_0.email=?
2025-03-10T10:34:10.744-03:00 DEBUG 70464 --- [project-manager] [http-nio-8080-exec-8] org.hibernate.SQL                        : update gfc_user set code_expiration_date=?,email=?,join_date=?,login=?,name=?,password=?,reset_password_code=?,role=? where id=?
2025-03-10T10:34:10.744-03:00 DEBUG 70464 --- [project-manager] [http-nio-8080-exec-8] o.s.w.s.m.m.a.HttpEntityMethodProcessor  : Using 'application/json', given [application/json, text/plain, */*] and supported [text/plain, */*, application/json, application/*+json]
2025-03-10T10:34:10.744-03:00 DEBUG 70464 --- [project-manager] [http-nio-8080-exec-8] o.s.w.s.m.m.a.HttpEntityMethodProcessor  : Writing ["Código de reset gerado e enviado para o e-mail."]
2025-03-10T10:34:10.759-03:00 DEBUG 70464 --- [project-manager] [http-nio-8080-exec-8] o.s.web.servlet.DispatcherServlet        : Completed 200 OK
2025-03-10T10:34:13.313-03:00 DEBUG 70464 --- [project-manager] [http-nio-8080-exec-9] org.hibernate.SQL                        : select ue1_0.id,ue1_0.code_expiration_date,ue1_0.email,ue1_0.join_date,ue1_0.login,ue1_0.name,ue1_0.password,ue1_0.reset_password_code,ue1_0.role from gfc_user ue1_0 where ue1_0.login=?
2025-03-10T10:34:13.313-03:00 DEBUG 70464 --- [project-manager] [http-nio-8080-exec-9] o.s.web.servlet.DispatcherServlet        : POST "/auth/generate-reset-code", parameters={}
2025-03-10T10:34:13.313-03:00 DEBUG 70464 --- [project-manager] [http-nio-8080-exec-9] s.w.s.m.m.a.RequestMappingHandlerMapping : Mapped to br.com.gfctech.project_manager.controller.AuthController#generateResetCode(Map)
2025-03-10T10:34:13.322-03:00 DEBUG 70464 --- [project-manager] [http-nio-8080-exec-9] m.m.a.RequestResponseBodyMethodProcessor : Read "application/json;charset=UTF-8" to [{email=gabrielfeifer21@gmail.com}]
2025-03-10T10:34:13.324-03:00 DEBUG 70464 --- [project-manager] [http-nio-8080-exec-9] org.hibernate.SQL                        : select ue1_0.id,ue1_0.code_expiration_date,ue1_0.email,ue1_0.join_date,ue1_0.login,ue1_0.name,ue1_0.password,ue1_0.reset_password_code,ue1_0.role from gfc_user ue1_0 where ue1_0.email=?
2025-03-10T10:34:17.609-03:00 DEBUG 70464 --- [project-manager] [http-nio-8080-exec-9] org.hibernate.SQL                        : update gfc_user set code_expiration_date=?,email=?,join_date=?,login=?,name=?,password=?,reset_password_code=?,role=? where id=?
2025-03-10T10:34:17.609-03:00 DEBUG 70464 --- [project-manager] [http-nio-8080-exec-9] o.s.w.s.m.m.a.HttpEntityMethodProcessor  : Using 'application/json', given [application/json, text/plain, */*] and supported [text/plain, */*, application/json, application/*+json]
2025-03-10T10:34:17.609-03:00 DEBUG 70464 --- [project-manager] [http-nio-8080-exec-9] o.s.w.s.m.m.a.HttpEntityMethodProcessor  : Writing ["Código de reset gerado e enviado para o e-mail."]
2025-03-10T10:34:17.625-03:00 DEBUG 70464 --- [project-manager] [http-nio-8080-exec-9] o.s.web.servlet.DispatcherServlet        : Completed 200 OK
2025-03-10T10:38:01.498-03:00 DEBUG 70464 --- [project-manager] [http-nio-8080-exec-6] org.hibernate.SQL                        : select ue1_0.id,ue1_0.code_expiration_date,ue1_0.email,ue1_0.join_date,ue1_0.login,ue1_0.name,ue1_0.password,ue1_0.reset_password_code,ue1_0.role from gfc_user ue1_0 where ue1_0.login=?
2025-03-10T10:38:01.515-03:00 DEBUG 70464 --- [project-manager] [http-nio-8080-exec-6] o.s.web.servlet.DispatcherServlet        : POST "/auth/generate-reset-code", parameters={}
2025-03-10T10:38:01.515-03:00 DEBUG 70464 --- [project-manager] [http-nio-8080-exec-6] s.w.s.m.m.a.RequestMappingHandlerMapping : Mapped to br.com.gfctech.project_manager.controller.AuthController#generateResetCode(Map)
2025-03-10T10:38:01.515-03:00 DEBUG 70464 --- [project-manager] [http-nio-8080-exec-6] m.m.a.RequestResponseBodyMethodProcessor : Read "application/json;charset=UTF-8" to [{email=gabrielfeifer21@gmail.com}]
2025-03-10T10:38:01.515-03:00 DEBUG 70464 --- [project-manager] [http-nio-8080-exec-6] org.hibernate.SQL                        : select ue1_0.id,ue1_0.code_expiration_date,ue1_0.email,ue1_0.join_date,ue1_0.login,ue1_0.name,ue1_0.password,ue1_0.reset_password_code,ue1_0.role from gfc_user ue1_0 where ue1_0.email=?
2025-03-10T10:38:06.314-03:00 DEBUG 70464 --- [project-manager] [http-nio-8080-exec-6] org.hibernate.SQL                        : update gfc_user set code_expiration_date=?,email=?,join_date=?,login=?,name=?,password=?,reset_password_code=?,role=? where id=?
2025-03-10T10:38:06.314-03:00 DEBUG 70464 --- [project-manager] [http-nio-8080-exec-6] o.s.w.s.m.m.a.HttpEntityMethodProcessor  : Using 'application/json', given [application/json, text/plain, */*] and supported [text/plain, */*, application/json, application/*+json]
2025-03-10T10:38:06.314-03:00 DEBUG 70464 --- [project-manager] [http-nio-8080-exec-6] o.s.w.s.m.m.a.HttpEntityMethodProcessor  : Writing ["Código de reset gerado e enviado para o e-mail."]
2025-03-10T10:38:06.327-03:00 DEBUG 70464 --- [project-manager] [http-nio-8080-exec-6] o.s.web.servlet.DispatcherServlet        : Completed 200 OK
2025-03-10T10:38:18.463-03:00 DEBUG 70464 --- [project-manager] [http-nio-8080-exec-1] org.hibernate.SQL                        : select ue1_0.id,ue1_0.code_expiration_date,ue1_0.email,ue1_0.join_date,ue1_0.login,ue1_0.name,ue1_0.password,ue1_0.reset_password_code,ue1_0.role from gfc_user ue1_0 where ue1_0.login=?
2025-03-10T10:38:18.478-03:00 DEBUG 70464 --- [project-manager] [http-nio-8080-exec-1] o.s.web.servlet.DispatcherServlet        : POST "/auth/generate-reset-code", parameters={}
2025-03-10T10:38:18.479-03:00 DEBUG 70464 --- [project-manager] [http-nio-8080-exec-1] s.w.s.m.m.a.RequestMappingHandlerMapping : Mapped to br.com.gfctech.project_manager.controller.AuthController#generateResetCode(Map)
2025-03-10T10:38:18.481-03:00 DEBUG 70464 --- [project-manager] [http-nio-8080-exec-1] m.m.a.RequestResponseBodyMethodProcessor : Read "application/json;charset=UTF-8" to [{email=gabrielfeifer21@gmai}]
2025-03-10T10:38:18.484-03:00 DEBUG 70464 --- [project-manager] [http-nio-8080-exec-1] org.hibernate.SQL                        : select ue1_0.id,ue1_0.code_expiration_date,ue1_0.email,ue1_0.join_date,ue1_0.login,ue1_0.name,ue1_0.password,ue1_0.reset_password_code,ue1_0.role from gfc_user ue1_0 where ue1_0.email=?
2025-03-10T10:38:18.487-03:00 DEBUG 70464 --- [project-manager] [http-nio-8080-exec-1] o.s.w.s.m.m.a.HttpEntityMethodProcessor  : Using 'application/json', given [application/json, text/plain, */*] and supported [text/plain, */*, application/json, application/*+json]
2025-03-10T10:38:18.487-03:00 DEBUG 70464 --- [project-manager] [http-nio-8080-exec-1] o.s.w.s.m.m.a.HttpEntityMethodProcessor  : Writing ["Erro: Usuário não encontrado com o e-mail: gabrielfeifer21@gmai"]
2025-03-10T10:38:18.493-03:00 DEBUG 70464 --- [project-manager] [http-nio-8080-exec-1] o.s.web.servlet.DispatcherServlet        : Completed 400 BAD_REQUEST
2025-03-10T10:38:19.931-03:00 DEBUG 70464 --- [project-manager] [http-nio-8080-exec-2] org.hibernate.SQL                        : select ue1_0.id,ue1_0.code_expiration_date,ue1_0.email,ue1_0.join_date,ue1_0.login,ue1_0.name,ue1_0.password,ue1_0.reset_password_code,ue1_0.role from gfc_user ue1_0 where ue1_0.login=?
2025-03-10T10:38:19.937-03:00 DEBUG 70464 --- [project-manager] [http-nio-8080-exec-2] o.s.web.servlet.DispatcherServlet        : POST "/auth/generate-reset-code", parameters={}
2025-03-10T10:38:19.938-03:00 DEBUG 70464 --- [project-manager] [http-nio-8080-exec-2] s.w.s.m.m.a.RequestMappingHandlerMapping : Mapped to br.com.gfctech.project_manager.controller.AuthController#generateResetCode(Map)
2025-03-10T10:38:19.939-03:00 DEBUG 70464 --- [project-manager] [http-nio-8080-exec-2] m.m.a.RequestResponseBodyMethodProcessor : Read "application/json;charset=UTF-8" to [{email=gabrielfeifer21@gmai}]
2025-03-10T10:38:19.941-03:00 DEBUG 70464 --- [project-manager] [http-nio-8080-exec-2] org.hibernate.SQL                        : select ue1_0.id,ue1_0.code_expiration_date,ue1_0.email,ue1_0.join_date,ue1_0.login,ue1_0.name,ue1_0.password,ue1_0.reset_password_code,ue1_0.role from gfc_user ue1_0 where ue1_0.email=?
2025-03-10T10:38:19.943-03:00 DEBUG 70464 --- [project-manager] [http-nio-8080-exec-2] o.s.w.s.m.m.a.HttpEntityMethodProcessor  : Using 'application/json', given [application/json, text/plain, */*] and supported [text/plain, */*, application/json, application/*+json]
2025-03-10T10:38:19.945-03:00 DEBUG 70464 --- [project-manager] [http-nio-8080-exec-2] o.s.w.s.m.m.a.HttpEntityMethodProcessor  : Writing ["Erro: Usuário não encontrado com o e-mail: gabrielfeifer21@gmai"]
2025-03-10T10:38:19.947-03:00 DEBUG 70464 --- [project-manager] [http-nio-8080-exec-2] o.s.web.servlet.DispatcherServlet        : Completed 400 BAD_REQUEST
2025-03-10T10:38:21.579-03:00 DEBUG 70464 --- [project-manager] [http-nio-8080-exec-3] org.hibernate.SQL                        : select ue1_0.id,ue1_0.code_expiration_date,ue1_0.email,ue1_0.join_date,ue1_0.login,ue1_0.name,ue1_0.password,ue1_0.reset_password_code,ue1_0.role from gfc_user ue1_0 where ue1_0.login=?
2025-03-10T10:38:21.590-03:00 DEBUG 70464 --- [project-manager] [http-nio-8080-exec-3] o.s.web.servlet.DispatcherServlet        : POST "/auth/generate-reset-code", parameters={}
2025-03-10T10:38:21.591-03:00 DEBUG 70464 --- [project-manager] [http-nio-8080-exec-3] s.w.s.m.m.a.RequestMappingHandlerMapping : Mapped to br.com.gfctech.project_manager.controller.AuthController#generateResetCode(Map)
2025-03-10T10:38:21.593-03:00 DEBUG 70464 --- [project-manager] [http-nio-8080-exec-3] m.m.a.RequestResponseBodyMethodProcessor : Read "application/json;charset=UTF-8" to [{email=gabrielfeifer21@gmai}]
2025-03-10T10:38:21.598-03:00 DEBUG 70464 --- [project-manager] [http-nio-8080-exec-3] org.hibernate.SQL                        : select ue1_0.id,ue1_0.code_expiration_date,ue1_0.email,ue1_0.join_date,ue1_0.login,ue1_0.name,ue1_0.password,ue1_0.reset_password_code,ue1_0.role from gfc_user ue1_0 where ue1_0.email=?
2025-03-10T10:38:21.603-03:00 DEBUG 70464 --- [project-manager] [http-nio-8080-exec-3] o.s.w.s.m.m.a.HttpEntityMethodProcessor  : Using 'application/json', given [application/json, text/plain, */*] and supported [text/plain, */*, application/json, application/*+json]
2025-03-10T10:38:21.604-03:00 DEBUG 70464 --- [project-manager] [http-nio-8080-exec-3] o.s.w.s.m.m.a.HttpEntityMethodProcessor  : Writing ["Erro: Usuário não encontrado com o e-mail: gabrielfeifer21@gmai"]
2025-03-10T10:38:21.605-03:00 DEBUG 70464 --- [project-manager] [http-nio-8080-exec-3] o.s.web.servlet.DispatcherServlet        : Completed 400 BAD_REQUEST
2025-03-10T10:38:23.646-03:00 DEBUG 70464 --- [project-manager] [http-nio-8080-exec-4] org.hibernate.SQL                        : select ue1_0.id,ue1_0.code_expiration_date,ue1_0.email,ue1_0.join_date,ue1_0.login,ue1_0.name,ue1_0.password,ue1_0.reset_password_code,ue1_0.role from gfc_user ue1_0 where ue1_0.login=?
2025-03-10T10:38:23.652-03:00 DEBUG 70464 --- [project-manager] [http-nio-8080-exec-4] o.s.web.servlet.DispatcherServlet        : POST "/auth/generate-reset-code", parameters={}
2025-03-10T10:38:23.653-03:00 DEBUG 70464 --- [project-manager] [http-nio-8080-exec-4] s.w.s.m.m.a.RequestMappingHandlerMapping : Mapped to br.com.gfctech.project_manager.controller.AuthController#generateResetCode(Map)
2025-03-10T10:38:23.655-03:00 DEBUG 70464 --- [project-manager] [http-nio-8080-exec-4] m.m.a.RequestResponseBodyMethodProcessor : Read "application/json;charset=UTF-8" to [{email=gabrielfeifer21@gmai}]
2025-03-10T10:38:23.657-03:00 DEBUG 70464 --- [project-manager] [http-nio-8080-exec-4] org.hibernate.SQL                        : select ue1_0.id,ue1_0.code_expiration_date,ue1_0.email,ue1_0.join_date,ue1_0.login,ue1_0.name,ue1_0.password,ue1_0.reset_password_code,ue1_0.role from gfc_user ue1_0 where ue1_0.email=?
2025-03-10T10:38:23.660-03:00 DEBUG 70464 --- [project-manager] [http-nio-8080-exec-4] o.s.w.s.m.m.a.HttpEntityMethodProcessor  : Using 'application/json', given [application/json, text/plain, */*] and supported [text/plain, */*, application/json, application/*+json]
2025-03-10T10:38:23.661-03:00 DEBUG 70464 --- [project-manager] [http-nio-8080-exec-4] o.s.w.s.m.m.a.HttpEntityMethodProcessor  : Writing ["Erro: Usuário não encontrado com o e-mail: gabrielfeifer21@gmai"]
2025-03-10T10:38:23.663-03:00 DEBUG 70464 --- [project-manager] [http-nio-8080-exec-4] o.s.web.servlet.DispatcherServlet        : Completed 400 BAD_REQUEST
2025-03-10T10:38:24.097-03:00 DEBUG 70464 --- [project-manager] [http-nio-8080-exec-5] org.hibernate.SQL                        : select ue1_0.id,ue1_0.code_expiration_date,ue1_0.email,ue1_0.join_date,ue1_0.login,ue1_0.name,ue1_0.password,ue1_0.reset_password_code,ue1_0.role from gfc_user ue1_0 where ue1_0.login=?
2025-03-10T10:38:24.102-03:00 DEBUG 70464 --- [project-manager] [http-nio-8080-exec-5] o.s.web.servlet.DispatcherServlet        : POST "/auth/generate-reset-code", parameters={}
2025-03-10T10:38:24.104-03:00 DEBUG 70464 --- [project-manager] [http-nio-8080-exec-5] s.w.s.m.m.a.RequestMappingHandlerMapping : Mapped to br.com.gfctech.project_manager.controller.AuthController#generateResetCode(Map)
2025-03-10T10:38:24.107-03:00 DEBUG 70464 --- [project-manager] [http-nio-8080-exec-5] m.m.a.RequestResponseBodyMethodProcessor : Read "application/json;charset=UTF-8" to [{email=gabrielfeifer21@gmai}]
2025-03-10T10:38:24.110-03:00 DEBUG 70464 --- [project-manager] [http-nio-8080-exec-5] org.hibernate.SQL                        : select ue1_0.id,ue1_0.code_expiration_date,ue1_0.email,ue1_0.join_date,ue1_0.login,ue1_0.name,ue1_0.password,ue1_0.reset_password_code,ue1_0.role from gfc_user ue1_0 where ue1_0.email=?
2025-03-10T10:38:24.112-03:00 DEBUG 70464 --- [project-manager] [http-nio-8080-exec-5] o.s.w.s.m.m.a.HttpEntityMethodProcessor  : Using 'application/json', given [application/json, text/plain, */*] and supported [text/plain, */*, application/json, application/*+json]
2025-03-10T10:38:24.113-03:00 DEBUG 70464 --- [project-manager] [http-nio-8080-exec-5] o.s.w.s.m.m.a.HttpEntityMethodProcessor  : Writing ["Erro: Usuário não encontrado com o e-mail: gabrielfeifer21@gmai"]
2025-03-10T10:38:24.115-03:00 DEBUG 70464 --- [project-manager] [http-nio-8080-exec-5] o.s.web.servlet.DispatcherServlet        : Completed 400 BAD_REQUEST
2025-03-10T10:38:29.465-03:00 DEBUG 70464 --- [project-manager] [http-nio-8080-exec-7] org.hibernate.SQL                        : select ue1_0.id,ue1_0.code_expiration_date,ue1_0.email,ue1_0.join_date,ue1_0.login,ue1_0.name,ue1_0.password,ue1_0.reset_password_code,ue1_0.role from gfc_user ue1_0 where ue1_0.login=?
2025-03-10T10:38:29.476-03:00 DEBUG 70464 --- [project-manager] [http-nio-8080-exec-7] o.s.web.servlet.DispatcherServlet        : POST "/auth/generate-reset-code", parameters={}
2025-03-10T10:38:29.477-03:00 DEBUG 70464 --- [project-manager] [http-nio-8080-exec-7] s.w.s.m.m.a.RequestMappingHandlerMapping : Mapped to br.com.gfctech.project_manager.controller.AuthController#generateResetCode(Map)
2025-03-10T10:38:29.480-03:00 DEBUG 70464 --- [project-manager] [http-nio-8080-exec-7] m.m.a.RequestResponseBodyMethodProcessor : Read "application/json;charset=UTF-8" to [{email=gg}]
2025-03-10T10:38:29.484-03:00 DEBUG 70464 --- [project-manager] [http-nio-8080-exec-7] org.hibernate.SQL                        : select ue1_0.id,ue1_0.code_expiration_date,ue1_0.email,ue1_0.join_date,ue1_0.login,ue1_0.name,ue1_0.password,ue1_0.reset_password_code,ue1_0.role from gfc_user ue1_0 where ue1_0.email=?
2025-03-10T10:38:29.486-03:00 DEBUG 70464 --- [project-manager] [http-nio-8080-exec-7] o.s.w.s.m.m.a.HttpEntityMethodProcessor  : Using 'application/json', given [application/json, text/plain, */*] and supported [text/plain, */*, application/json, application/*+json]
2025-03-10T10:38:29.486-03:00 DEBUG 70464 --- [project-manager] [http-nio-8080-exec-7] o.s.w.s.m.m.a.HttpEntityMethodProcessor  : Writing ["Erro: Usuário não encontrado com o e-mail: gg"]
2025-03-10T10:38:29.486-03:00 DEBUG 70464 --- [project-manager] [http-nio-8080-exec-7] o.s.web.servlet.DispatcherServlet        : Completed 400 BAD_REQUEST
2025-03-10T10:40:30.591-03:00 DEBUG 70464 --- [project-manager] [http-nio-8080-exec-9] org.hibernate.SQL                        : select ue1_0.id,ue1_0.code_expiration_date,ue1_0.email,ue1_0.join_date,ue1_0.login,ue1_0.name,ue1_0.password,ue1_0.reset_password_code,ue1_0.role from gfc_user ue1_0 where ue1_0.login=?
2025-03-10T10:40:30.607-03:00 DEBUG 70464 --- [project-manager] [http-nio-8080-exec-9] o.s.web.servlet.DispatcherServlet        : POST "/auth/generate-reset-code", parameters={}
2025-03-10T10:40:30.609-03:00 DEBUG 70464 --- [project-manager] [http-nio-8080-exec-9] s.w.s.m.m.a.RequestMappingHandlerMapping : Mapped to br.com.gfctech.project_manager.controller.AuthController#generateResetCode(Map)
2025-03-10T10:40:30.610-03:00 DEBUG 70464 --- [project-manager] [http-nio-8080-exec-9] m.m.a.RequestResponseBodyMethodProcessor : Read "application/json;charset=UTF-8" to [{email=gabrielfeifer21@gmail.com}]
2025-03-10T10:40:30.610-03:00 DEBUG 70464 --- [project-manager] [http-nio-8080-exec-9] org.hibernate.SQL                        : select ue1_0.id,ue1_0.code_expiration_date,ue1_0.email,ue1_0.join_date,ue1_0.login,ue1_0.name,ue1_0.password,ue1_0.reset_password_code,ue1_0.role from gfc_user ue1_0 where ue1_0.email=?
2025-03-10T10:40:36.831-03:00 DEBUG 70464 --- [project-manager] [http-nio-8080-exec-9] org.hibernate.SQL                        : update gfc_user set code_expiration_date=?,email=?,join_date=?,login=?,name=?,password=?,reset_password_code=?,role=? where id=?
2025-03-10T10:40:36.841-03:00 DEBUG 70464 --- [project-manager] [http-nio-8080-exec-9] o.s.w.s.m.m.a.HttpEntityMethodProcessor  : Using 'application/json', given [application/json, text/plain, */*] and supported [text/plain, */*, application/json, application/*+json]
2025-03-10T10:40:36.842-03:00 DEBUG 70464 --- [project-manager] [http-nio-8080-exec-9] o.s.w.s.m.m.a.HttpEntityMethodProcessor  : Writing ["Código de reset gerado e enviado para o e-mail."]
2025-03-10T10:40:36.843-03:00 DEBUG 70464 --- [project-manager] [http-nio-8080-exec-9] o.s.web.servlet.DispatcherServlet        : Completed 200 OK
2025-03-10T10:41:53.302-03:00 DEBUG 70464 --- [project-manager] [http-nio-8080-exec-1] org.hibernate.SQL                        : select ue1_0.id,ue1_0.code_expiration_date,ue1_0.email,ue1_0.join_date,ue1_0.login,ue1_0.name,ue1_0.password,ue1_0.reset_password_code,ue1_0.role from gfc_user ue1_0 where ue1_0.login=?
2025-03-10T10:41:53.321-03:00 DEBUG 70464 --- [project-manager] [http-nio-8080-exec-1] o.s.web.servlet.DispatcherServlet        : POST "/auth/login", parameters={}
2025-03-10T10:41:53.322-03:00 DEBUG 70464 --- [project-manager] [http-nio-8080-exec-1] s.w.s.m.m.a.RequestMappingHandlerMapping : Mapped to br.com.gfctech.project_manager.controller.AuthController#login(AuthenticationDTO)
2025-03-10T10:41:53.324-03:00 DEBUG 70464 --- [project-manager] [http-nio-8080-exec-1] m.m.a.RequestResponseBodyMethodProcessor : Read "application/json;charset=UTF-8" to [br.com.gfctech.project_manager.dto.AuthenticationDTO@4b8687a8]
2025-03-10T10:41:53.324-03:00 DEBUG 70464 --- [project-manager] [http-nio-8080-exec-1] org.hibernate.SQL                        : select ue1_0.id,ue1_0.code_expiration_date,ue1_0.email,ue1_0.join_date,ue1_0.login,ue1_0.name,ue1_0.password,ue1_0.reset_password_code,ue1_0.role from gfc_user ue1_0 where ue1_0.login=?
2025-03-10T10:41:53.386-03:00 DEBUG 70464 --- [project-manager] [http-nio-8080-exec-1] o.s.w.s.m.m.a.HttpEntityMethodProcessor  : Using 'application/json', given [application/json, text/plain, */*] and supported [application/json, application/*+json]
2025-03-10T10:41:53.386-03:00 DEBUG 70464 --- [project-manager] [http-nio-8080-exec-1] o.s.w.s.m.m.a.HttpEntityMethodProcessor  : Writing [br.com.gfctech.project_manager.dto.AcessDTO@4665bc0f]
2025-03-10T10:41:53.386-03:00 DEBUG 70464 --- [project-manager] [http-nio-8080-exec-1] o.s.web.servlet.DispatcherServlet        : Completed 200 OK
2025-03-10T11:06:42.008-03:00 DEBUG 70464 --- [project-manager] [http-nio-8080-exec-4] org.hibernate.SQL                        : select ue1_0.id,ue1_0.code_expiration_date,ue1_0.email,ue1_0.join_date,ue1_0.login,ue1_0.name,ue1_0.password,ue1_0.reset_password_code,ue1_0.role from gfc_user ue1_0 where ue1_0.login=?
2025-03-10T11:06:42.030-03:00 DEBUG 70464 --- [project-manager] [http-nio-8080-exec-4] o.s.web.servlet.DispatcherServlet        : GET "/project", parameters={}
2025-03-10T11:06:42.031-03:00 DEBUG 70464 --- [project-manager] [http-nio-8080-exec-4] s.w.s.m.m.a.RequestMappingHandlerMapping : Mapped to br.com.gfctech.project_manager.controller.ProjectController#getAllProjects()
2025-03-10T11:06:42.301-03:00 DEBUG 70464 --- [project-manager] [http-nio-8080-exec-4] org.hibernate.SQL                        : select pe1_0.id,pe1_0.client_id,pe1_0.deadline,pe1_0.description,pe1_0.hours,pe1_0.manager_id,pe1_0.name,pe1_0.start_date,pe1_0.status from gfc_projects pe1_0
2025-03-10T11:06:42.500-03:00 DEBUG 70464 --- [project-manager] [http-nio-8080-exec-4] org.hibernate.SQL                        : select ce1_0.id,ce1_0.address,ce1_0.cnpj,ce1_0.cpf,ce1_0.email,ce1_0.name,ce1_0.phone,ce1_0.razao_social from gfc_clients ce1_0 where ce1_0.id=?
2025-03-10T11:06:42.601-03:00 DEBUG 70464 --- [project-manager] [http-nio-8080-exec-4] org.hibernate.SQL                        : select ue1_0.id,ue1_0.code_expiration_date,ue1_0.email,ue1_0.join_date,ue1_0.login,ue1_0.name,ue1_0.password,ue1_0.reset_password_code,ue1_0.role from gfc_user ue1_0 where ue1_0.id=?
2025-03-10T11:06:42.613-03:00 DEBUG 70464 --- [project-manager] [http-nio-8080-exec-4] org.hibernate.SQL                        : select ce1_0.id,ce1_0.address,ce1_0.cnpj,ce1_0.cpf,ce1_0.email,ce1_0.name,ce1_0.phone,ce1_0.razao_social from gfc_clients ce1_0 where ce1_0.id=?
2025-03-10T11:06:42.616-03:00 DEBUG 70464 --- [project-manager] [http-nio-8080-exec-4] org.hibernate.SQL                        : select ue1_0.id,ue1_0.code_expiration_date,ue1_0.email,ue1_0.join_date,ue1_0.login,ue1_0.name,ue1_0.password,ue1_0.reset_password_code,ue1_0.role from gfc_user ue1_0 where ue1_0.id=?
2025-03-10T11:06:42.647-03:00 DEBUG 70464 --- [project-manager] [http-nio-8080-exec-4] org.hibernate.SQL                        : select tm1_0.project_id,tm1_1.id,tm1_1.code_expiration_date,tm1_1.email,tm1_1.join_date,tm1_1.login,tm1_1.name,tm1_1.password,tm1_1.reset_password_code,tm1_1.role from project_team tm1_0 join gfc_user tm1_1 on tm1_1.id=tm1_0.user_id where tm1_0.project_id=?
2025-03-10T11:06:42.665-03:00 DEBUG 70464 --- [project-manager] [http-nio-8080-exec-4] org.hibernate.SQL                        : select tm1_0.project_id,tm1_1.id,tm1_1.code_expiration_date,tm1_1.email,tm1_1.join_date,tm1_1.login,tm1_1.name,tm1_1.password,tm1_1.reset_password_code,tm1_1.role from project_team tm1_0 join gfc_user tm1_1 on tm1_1.id=tm1_0.user_id where tm1_0.project_id=?
2025-03-10T11:06:42.667-03:00 DEBUG 70464 --- [project-manager] [http-nio-8080-exec-4] org.hibernate.SQL                        : select tm1_0.project_id,tm1_1.id,tm1_1.code_expiration_date,tm1_1.email,tm1_1.join_date,tm1_1.login,tm1_1.name,tm1_1.password,tm1_1.reset_password_code,tm1_1.role from project_team tm1_0 join gfc_user tm1_1 on tm1_1.id=tm1_0.user_id where tm1_0.project_id=?
2025-03-10T11:06:42.669-03:00 DEBUG 70464 --- [project-manager] [http-nio-8080-exec-4] org.hibernate.SQL                        : select tm1_0.project_id,tm1_1.id,tm1_1.code_expiration_date,tm1_1.email,tm1_1.join_date,tm1_1.login,tm1_1.name,tm1_1.password,tm1_1.reset_password_code,tm1_1.role from project_team tm1_0 join gfc_user tm1_1 on tm1_1.id=tm1_0.user_id where tm1_0.project_id=?
2025-03-10T11:06:42.726-03:00 DEBUG 70464 --- [project-manager] [http-nio-8080-exec-4] m.m.a.RequestResponseBodyMethodProcessor : Using 'application/json', given [application/json, text/plain, */*] and supported [application/json, application/*+json]
2025-03-10T11:06:42.732-03:00 DEBUG 70464 --- [project-manager] [http-nio-8080-exec-4] m.m.a.RequestResponseBodyMethodProcessor : Writing [[br.com.gfctech.project_manager.dto.ProjectDTO@7818da38, br.com.gfctech.project_manager.dto.ProjectD (truncated)...]
2025-03-10T11:06:42.898-03:00 DEBUG 70464 --- [project-manager] [http-nio-8080-exec-4] o.s.web.servlet.DispatcherServlet        : Completed 200 OK
2025-03-10T11:06:45.328-03:00 DEBUG 70464 --- [project-manager] [http-nio-8080-exec-7] org.hibernate.SQL                        : select ue1_0.id,ue1_0.code_expiration_date,ue1_0.email,ue1_0.join_date,ue1_0.login,ue1_0.name,ue1_0.password,ue1_0.reset_password_code,ue1_0.role from gfc_user ue1_0 where ue1_0.login=?
2025-03-10T11:06:45.333-03:00 DEBUG 70464 --- [project-manager] [http-nio-8080-exec-7] o.s.web.servlet.DispatcherServlet        : GET "/profile/1", parameters={}
2025-03-10T11:06:45.334-03:00 DEBUG 70464 --- [project-manager] [http-nio-8080-exec-7] s.w.s.m.m.a.RequestMappingHandlerMapping : Mapped to br.com.gfctech.project_manager.controller.ProfileController#getProfile(Long)
2025-03-10T11:06:45.366-03:00 DEBUG 70464 --- [project-manager] [http-nio-8080-exec-7] org.hibernate.SQL                        : select ue1_0.id,ue1_0.code_expiration_date,ue1_0.email,ue1_0.join_date,ue1_0.login,ue1_0.name,ue1_0.password,ue1_0.reset_password_code,ue1_0.role from gfc_user ue1_0 where ue1_0.id=?
2025-03-10T11:06:45.381-03:00 DEBUG 70464 --- [project-manager] [http-nio-8080-exec-7] o.s.w.s.m.m.a.HttpEntityMethodProcessor  : Using 'application/json', given [application/json, text/plain, */*] and supported [application/json, application/*+json]
2025-03-10T11:06:45.407-03:00 DEBUG 70464 --- [project-manager] [http-nio-8080-exec-7] o.s.w.s.m.m.a.HttpEntityMethodProcessor  : Writing [ProfileDTO(id=1, name=Gabriel Calixto, email=gabrielfeiferc@gmail.com, role=ADMIN, joinDate=2025-03- (truncated)...]
2025-03-10T11:06:45.427-03:00 DEBUG 70464 --- [project-manager] [http-nio-8080-exec-7] o.s.web.servlet.DispatcherServlet        : Completed 200 OK
2025-03-10T11:16:01.128-03:00 DEBUG 70464 --- [project-manager] [http-nio-8080-exec-10] org.hibernate.SQL                        : select ue1_0.id,ue1_0.code_expiration_date,ue1_0.email,ue1_0.join_date,ue1_0.login,ue1_0.name,ue1_0.password,ue1_0.reset_password_code,ue1_0.role from gfc_user ue1_0 where ue1_0.login=?
2025-03-10T11:16:01.168-03:00 DEBUG 70464 --- [project-manager] [http-nio-8080-exec-10] o.s.web.servlet.DispatcherServlet        : POST "/auth/generate-reset-code", parameters={}
2025-03-10T11:16:01.170-03:00 DEBUG 70464 --- [project-manager] [http-nio-8080-exec-10] s.w.s.m.m.a.RequestMappingHandlerMapping : Mapped to br.com.gfctech.project_manager.controller.AuthController#generateResetCode(Map)
2025-03-10T11:16:01.174-03:00 DEBUG 70464 --- [project-manager] [http-nio-8080-exec-10] m.m.a.RequestResponseBodyMethodProcessor : Read "application/json;charset=UTF-8" to [{email=gabrielfeifer21@gmail.com}]
2025-03-10T11:16:01.183-03:00 DEBUG 70464 --- [project-manager] [http-nio-8080-exec-10] org.hibernate.SQL                        : select ue1_0.id,ue1_0.code_expiration_date,ue1_0.email,ue1_0.join_date,ue1_0.login,ue1_0.name,ue1_0.password,ue1_0.reset_password_code,ue1_0.role from gfc_user ue1_0 where ue1_0.email=?
2025-03-10T11:16:05.769-03:00 DEBUG 70464 --- [project-manager] [http-nio-8080-exec-10] org.hibernate.SQL                        : update gfc_user set code_expiration_date=?,email=?,join_date=?,login=?,name=?,password=?,reset_password_code=?,role=? where id=?
2025-03-10T11:16:05.784-03:00 DEBUG 70464 --- [project-manager] [http-nio-8080-exec-10] o.s.w.s.m.m.a.HttpEntityMethodProcessor  : Using 'application/json', given [application/json, text/plain, */*] and supported [text/plain, */*, application/json, application/*+json]
2025-03-10T11:16:05.785-03:00 DEBUG 70464 --- [project-manager] [http-nio-8080-exec-10] o.s.w.s.m.m.a.HttpEntityMethodProcessor  : Writing ["Código de reset gerado e enviado para o e-mail."]
2025-03-10T11:16:05.787-03:00 DEBUG 70464 --- [project-manager] [http-nio-8080-exec-10] o.s.web.servlet.DispatcherServlet        : Completed 200 OK
2025-03-10T11:16:53.221-03:00 DEBUG 70464 --- [project-manager] [http-nio-8080-exec-1] org.hibernate.SQL                        : select ue1_0.id,ue1_0.code_expiration_date,ue1_0.email,ue1_0.join_date,ue1_0.login,ue1_0.name,ue1_0.password,ue1_0.reset_password_code,ue1_0.role from gfc_user ue1_0 where ue1_0.login=?
2025-03-10T11:16:53.227-03:00 DEBUG 70464 --- [project-manager] [http-nio-8080-exec-1] o.s.web.servlet.DispatcherServlet        : POST "/auth/generate-reset-code", parameters={}
2025-03-10T11:16:53.228-03:00 DEBUG 70464 --- [project-manager] [http-nio-8080-exec-1] s.w.s.m.m.a.RequestMappingHandlerMapping : Mapped to br.com.gfctech.project_manager.controller.AuthController#generateResetCode(Map)
2025-03-10T11:16:53.231-03:00 DEBUG 70464 --- [project-manager] [http-nio-8080-exec-1] m.m.a.RequestResponseBodyMethodProcessor : Read "application/json;charset=UTF-8" to [{email=gabrielfeifer21@gmail.com}]
2025-03-10T11:16:53.234-03:00 DEBUG 70464 --- [project-manager] [http-nio-8080-exec-1] org.hibernate.SQL                        : select ue1_0.id,ue1_0.code_expiration_date,ue1_0.email,ue1_0.join_date,ue1_0.login,ue1_0.name,ue1_0.password,ue1_0.reset_password_code,ue1_0.role from gfc_user ue1_0 where ue1_0.email=?
2025-03-10T11:16:57.495-03:00 DEBUG 70464 --- [project-manager] [http-nio-8080-exec-1] org.hibernate.SQL                        : update gfc_user set code_expiration_date=?,email=?,join_date=?,login=?,name=?,password=?,reset_password_code=?,role=? where id=?
2025-03-10T11:16:57.506-03:00 DEBUG 70464 --- [project-manager] [http-nio-8080-exec-1] o.s.w.s.m.m.a.HttpEntityMethodProcessor  : Using 'application/json', given [application/json, text/plain, */*] and supported [text/plain, */*, application/json, application/*+json]
2025-03-10T11:16:57.508-03:00 DEBUG 70464 --- [project-manager] [http-nio-8080-exec-1] o.s.w.s.m.m.a.HttpEntityMethodProcessor  : Writing ["Código de reset gerado e enviado para o e-mail."]
2025-03-10T11:16:57.511-03:00 DEBUG 70464 --- [project-manager] [http-nio-8080-exec-1] o.s.web.servlet.DispatcherServlet        : Completed 200 OK
2025-03-10T11:17:07.016-03:00 DEBUG 70464 --- [project-manager] [http-nio-8080-exec-3] org.hibernate.SQL                        : select ue1_0.id,ue1_0.code_expiration_date,ue1_0.email,ue1_0.join_date,ue1_0.login,ue1_0.name,ue1_0.password,ue1_0.reset_password_code,ue1_0.role from gfc_user ue1_0 where ue1_0.login=?
2025-03-10T11:17:07.028-03:00 DEBUG 70464 --- [project-manager] [http-nio-8080-exec-3] o.s.web.servlet.DispatcherServlet        : POST "/auth/generate-reset-code", parameters={}
2025-03-10T11:17:07.029-03:00 DEBUG 70464 --- [project-manager] [http-nio-8080-exec-3] s.w.s.m.m.a.RequestMappingHandlerMapping : Mapped to br.com.gfctech.project_manager.controller.AuthController#generateResetCode(Map)
2025-03-10T11:17:07.033-03:00 DEBUG 70464 --- [project-manager] [http-nio-8080-exec-3] m.m.a.RequestResponseBodyMethodProcessor : Read "application/json;charset=UTF-8" to [{email=gabrielfeifer21@gmail.com}]
2025-03-10T11:17:07.039-03:00 DEBUG 70464 --- [project-manager] [http-nio-8080-exec-3] org.hibernate.SQL                        : select ue1_0.id,ue1_0.code_expiration_date,ue1_0.email,ue1_0.join_date,ue1_0.login,ue1_0.name,ue1_0.password,ue1_0.reset_password_code,ue1_0.role from gfc_user ue1_0 where ue1_0.email=?
2025-03-10T11:17:11.447-03:00 DEBUG 70464 --- [project-manager] [http-nio-8080-exec-3] org.hibernate.SQL                        : update gfc_user set code_expiration_date=?,email=?,join_date=?,login=?,name=?,password=?,reset_password_code=?,role=? where id=?
2025-03-10T11:17:11.457-03:00 DEBUG 70464 --- [project-manager] [http-nio-8080-exec-3] o.s.w.s.m.m.a.HttpEntityMethodProcessor  : Using 'application/json', given [application/json, text/plain, */*] and supported [text/plain, */*, application/json, application/*+json]
2025-03-10T11:17:11.485-03:00 DEBUG 70464 --- [project-manager] [http-nio-8080-exec-3] o.s.w.s.m.m.a.HttpEntityMethodProcessor  : Writing ["Código de reset gerado e enviado para o e-mail."]
2025-03-10T11:17:11.486-03:00 DEBUG 70464 --- [project-manager] [http-nio-8080-exec-3] o.s.web.servlet.DispatcherServlet        : Completed 200 OK
2025-03-10T11:23:18.271-03:00  INFO 18800 --- [project-manager] [main] b.c.g.p.ProjectManagerApplication        : Starting ProjectManagerApplication using Java 21.0.5 with PID 18800 (C:\Users\gfcde\Downloads\project-manager\project-manager\target\classes started by gfcde in C:\Users\gfcde\Downloads\project-manager\project-manager)
2025-03-10T11:23:18.276-03:00  INFO 18800 --- [project-manager] [main] b.c.g.p.ProjectManagerApplication        : No active profile set, falling back to 1 default profile: "default"
2025-03-10T11:23:19.871-03:00  INFO 18800 --- [project-manager] [main] .s.d.r.c.RepositoryConfigurationDelegate : Bootstrapping Spring Data JPA repositories in DEFAULT mode.
2025-03-10T11:23:20.010-03:00  INFO 18800 --- [project-manager] [main] .s.d.r.c.RepositoryConfigurationDelegate : Finished Spring Data repository scanning in 120 ms. Found 6 JPA repository interfaces.
2025-03-10T11:23:21.333-03:00  INFO 18800 --- [project-manager] [main] o.s.b.w.embedded.tomcat.TomcatWebServer  : Tomcat initialized with port 8080 (http)
2025-03-10T11:23:21.364-03:00  INFO 18800 --- [project-manager] [main] o.apache.catalina.core.StandardService   : Starting service [Tomcat]
2025-03-10T11:23:21.365-03:00  INFO 18800 --- [project-manager] [main] o.apache.catalina.core.StandardEngine    : Starting Servlet engine: [Apache Tomcat/10.1.34]
2025-03-10T11:23:21.478-03:00  INFO 18800 --- [project-manager] [main] o.a.c.c.C.[Tomcat].[localhost].[/]       : Initializing Spring embedded WebApplicationContext
2025-03-10T11:23:21.479-03:00  INFO 18800 --- [project-manager] [main] w.s.c.ServletWebServerApplicationContext : Root WebApplicationContext: initialization completed in 3140 ms
2025-03-10T11:23:21.864-03:00  INFO 18800 --- [project-manager] [main] o.hibernate.jpa.internal.util.LogHelper  : HHH000204: Processing PersistenceUnitInfo [name: default]
2025-03-10T11:23:22.010-03:00  INFO 18800 --- [project-manager] [main] org.hibernate.Version                    : HHH000412: Hibernate ORM core version 6.6.5.Final
2025-03-10T11:23:22.168-03:00  INFO 18800 --- [project-manager] [main] o.h.c.internal.RegionFactoryInitiator    : HHH000026: Second-level cache disabled
2025-03-10T11:23:22.789-03:00  INFO 18800 --- [project-manager] [main] o.s.o.j.p.SpringPersistenceUnitInfo      : No LoadTimeWeaver setup: ignoring JPA class transformer
2025-03-10T11:23:22.839-03:00  INFO 18800 --- [project-manager] [main] com.zaxxer.hikari.HikariDataSource       : HikariPool-1 - Starting...
2025-03-10T11:23:23.294-03:00  INFO 18800 --- [project-manager] [main] com.zaxxer.hikari.pool.HikariPool        : HikariPool-1 - Added connection org.postgresql.jdbc.PgConnection@69f9b561
2025-03-10T11:23:23.297-03:00  INFO 18800 --- [project-manager] [main] com.zaxxer.hikari.HikariDataSource       : HikariPool-1 - Start completed.
2025-03-10T11:23:23.357-03:00  WARN 18800 --- [project-manager] [main] org.hibernate.orm.deprecation            : HHH90000025: PostgreSQLDialect does not need to be specified explicitly using 'hibernate.dialect' (remove the property setting and it will be selected by default)
2025-03-10T11:23:23.390-03:00  INFO 18800 --- [project-manager] [main] org.hibernate.orm.connections.pooling    : HHH10001005: Database info:
	Database JDBC URL [Connecting through datasource 'HikariDataSource (HikariPool-1)']
	Database driver: undefined/unknown
	Database version: 16.3
	Autocommit mode: undefined/unknown
	Isolation level: undefined/unknown
	Minimum pool size: undefined/unknown
	Maximum pool size: undefined/unknown
2025-03-10T11:23:25.248-03:00  INFO 18800 --- [project-manager] [main] o.h.e.t.j.p.i.JtaPlatformInitiator       : HHH000489: No JTA platform available (set 'hibernate.transaction.jta.platform' to enable JTA platform integration)
2025-03-10T11:23:25.274-03:00 DEBUG 18800 --- [project-manager] [main] org.hibernate.SQL                        : set client_min_messages = WARNING
2025-03-10T11:23:25.279-03:00 DEBUG 18800 --- [project-manager] [main] org.hibernate.SQL                        : alter table if exists gfc_projects drop constraint if exists FKqql8s5ocup1p0cxqx5h9ysm4w
2025-03-10T11:23:25.287-03:00 DEBUG 18800 --- [project-manager] [main] org.hibernate.SQL                        : alter table if exists gfc_projects drop constraint if exists FKr3ktwydaynneaxhcstse0bo6v
2025-03-10T11:23:25.289-03:00 DEBUG 18800 --- [project-manager] [main] org.hibernate.SQL                        : alter table if exists gfc_task drop constraint if exists FKae0m4m83jao2o4ass2gx0hr8m
2025-03-10T11:23:25.293-03:00 DEBUG 18800 --- [project-manager] [main] org.hibernate.SQL                        : alter table if exists gfc_task_user drop constraint if exists FKniqrr5e9a3lsd9eoiipgar3ko
2025-03-10T11:23:25.298-03:00 DEBUG 18800 --- [project-manager] [main] org.hibernate.SQL                        : alter table if exists gfc_task_user drop constraint if exists FKc73b41ppg1r7j7olefmwwvmrw
2025-03-10T11:23:25.305-03:00 DEBUG 18800 --- [project-manager] [main] org.hibernate.SQL                        : alter table if exists gfc_time_entry drop constraint if exists FKsom2e3amyyyuc9njp4rb7gy5h
2025-03-10T11:23:25.311-03:00 DEBUG 18800 --- [project-manager] [main] org.hibernate.SQL                        : alter table if exists gfc_time_entry drop constraint if exists FKkt3wtlvbasar47lf66dk9g4dy
2025-03-10T11:23:25.319-03:00 DEBUG 18800 --- [project-manager] [main] org.hibernate.SQL                        : alter table if exists gfc_user_verification drop constraint if exists FKjghgv6gdww14cekdfspovhiwd
2025-03-10T11:23:25.324-03:00 DEBUG 18800 --- [project-manager] [main] org.hibernate.SQL                        : alter table if exists project_team drop constraint if exists FKneo1xup6li9qgv1cbwpamak3a
2025-03-10T11:23:25.331-03:00 DEBUG 18800 --- [project-manager] [main] org.hibernate.SQL                        : alter table if exists project_team drop constraint if exists FK6unn1aihx508a3epiatkfsqmd
2025-03-10T11:23:25.335-03:00 DEBUG 18800 --- [project-manager] [main] org.hibernate.SQL                        : drop table if exists gfc_clients cascade
2025-03-10T11:23:25.352-03:00 DEBUG 18800 --- [project-manager] [main] org.hibernate.SQL                        : drop table if exists gfc_projects cascade
2025-03-10T11:23:25.361-03:00 DEBUG 18800 --- [project-manager] [main] org.hibernate.SQL                        : drop table if exists gfc_task cascade
2025-03-10T11:23:25.377-03:00 DEBUG 18800 --- [project-manager] [main] org.hibernate.SQL                        : drop table if exists gfc_task_user cascade
2025-03-10T11:23:25.386-03:00 DEBUG 18800 --- [project-manager] [main] org.hibernate.SQL                        : drop table if exists gfc_time_entry cascade
2025-03-10T11:23:25.397-03:00 DEBUG 18800 --- [project-manager] [main] org.hibernate.SQL                        : drop table if exists gfc_user cascade
2025-03-10T11:23:25.422-03:00 DEBUG 18800 --- [project-manager] [main] org.hibernate.SQL                        : drop table if exists gfc_user_verification cascade
2025-03-10T11:23:25.434-03:00 DEBUG 18800 --- [project-manager] [main] org.hibernate.SQL                        : drop table if exists project_team cascade
2025-03-10T11:23:25.450-03:00 DEBUG 18800 --- [project-manager] [main] org.hibernate.SQL                        : create table gfc_clients (id bigint generated by default as identity, address varchar(255), cnpj varchar(255) unique, cpf varchar(255) not null unique, email varchar(255) not null, name varchar(255) not null, phone varchar(255) not null, razao_social varchar(255), primary key (id))
2025-03-10T11:23:25.497-03:00 DEBUG 18800 --- [project-manager] [main] org.hibernate.SQL                        : create table gfc_projects (deadline date not null, hours float4 not null, start_date date not null, client_id bigint not null, id bigint generated by default as identity, manager_id bigint not null, description varchar(255) not null, name varchar(255) not null, status varchar(255) not null check (status in ('NOT_STARTED','IN_PROGRESS','COMPLETED','ON_HOLD','CANCELED')), primary key (id))
2025-03-10T11:23:25.514-03:00 DEBUG 18800 --- [project-manager] [main] org.hibernate.SQL                        : create table gfc_task (deadline date not null, estimated_hours float(53) not null, start_date date not null, total_hours float(53) not null, id bigint generated by default as identity, project_id bigint not null, description varchar(255) not null, name varchar(255) not null, priority varchar(255) not null check (priority in ('LOW','MEDIUM','HIGH')), status varchar(255) not null check (status in ('NOT_STARTED','IN_PROGRESS','COMPLETED','ON_HOLD','CANCELED')), primary key (id))
2025-03-10T11:23:25.530-03:00 DEBUG 18800 --- [project-manager] [main] org.hibernate.SQL                        : create table gfc_task_user (task_id bigint not null, user_id bigint not null, primary key (task_id, user_id))
2025-03-10T11:23:25.560-03:00 DEBUG 18800 --- [project-manager] [main] org.hibernate.SQL                        : create table gfc_time_entry (end_time time(6) not null, entry_date date not null, start_time time(6) not null, total_hours float(53), id bigint generated by default as identity, task_id bigint, user_id bigint, description varchar(255) not null, primary key (id))
2025-03-10T11:23:25.598-03:00 DEBUG 18800 --- [project-manager] [main] org.hibernate.SQL                        : create table gfc_user (join_date date not null, code_expiration_date timestamp(6), id bigint generated by default as identity, email varchar(255) not null unique, login varchar(255) not null unique, name varchar(255) not null, password varchar(255), reset_password_code varchar(255), role varchar(255) not null check (role in ('ADMIN','MANAGER','USER')), primary key (id))
2025-03-10T11:23:25.618-03:00 DEBUG 18800 --- [project-manager] [main] org.hibernate.SQL                        : create table gfc_user_verification (date_expiration timestamp(6) with time zone, id bigint generated by default as identity, user_id bigint, uuid uuid, primary key (id))
2025-03-10T11:23:25.625-03:00 DEBUG 18800 --- [project-manager] [main] org.hibernate.SQL                        : create table project_team (project_id bigint not null, user_id bigint not null, primary key (project_id, user_id))
2025-03-10T11:23:25.632-03:00 DEBUG 18800 --- [project-manager] [main] org.hibernate.SQL                        : alter table if exists gfc_projects add constraint FKqql8s5ocup1p0cxqx5h9ysm4w foreign key (client_id) references gfc_clients
2025-03-10T11:23:25.643-03:00 DEBUG 18800 --- [project-manager] [main] org.hibernate.SQL                        : alter table if exists gfc_projects add constraint FKr3ktwydaynneaxhcstse0bo6v foreign key (manager_id) references gfc_user
2025-03-10T11:23:25.649-03:00 DEBUG 18800 --- [project-manager] [main] org.hibernate.SQL                        : alter table if exists gfc_task add constraint FKae0m4m83jao2o4ass2gx0hr8m foreign key (project_id) references gfc_projects
2025-03-10T11:23:25.652-03:00 DEBUG 18800 --- [project-manager] [main] org.hibernate.SQL                        : alter table if exists gfc_task_user add constraint FKniqrr5e9a3lsd9eoiipgar3ko foreign key (user_id) references gfc_user
2025-03-10T11:23:25.656-03:00 DEBUG 18800 --- [project-manager] [main] org.hibernate.SQL                        : alter table if exists gfc_task_user add constraint FKc73b41ppg1r7j7olefmwwvmrw foreign key (task_id) references gfc_task
2025-03-10T11:23:25.659-03:00 DEBUG 18800 --- [project-manager] [main] org.hibernate.SQL                        : alter table if exists gfc_time_entry add constraint FKsom2e3amyyyuc9njp4rb7gy5h foreign key (task_id) references gfc_task
2025-03-10T11:23:25.669-03:00 DEBUG 18800 --- [project-manager] [main] org.hibernate.SQL                        : alter table if exists gfc_time_entry add constraint FKkt3wtlvbasar47lf66dk9g4dy foreign key (user_id) references gfc_user
2025-03-10T11:23:25.676-03:00 DEBUG 18800 --- [project-manager] [main] org.hibernate.SQL                        : alter table if exists gfc_user_verification add constraint FKjghgv6gdww14cekdfspovhiwd foreign key (user_id) references gfc_user
2025-03-10T11:23:25.684-03:00 DEBUG 18800 --- [project-manager] [main] org.hibernate.SQL                        : alter table if exists project_team add constraint FKneo1xup6li9qgv1cbwpamak3a foreign key (user_id) references gfc_user
2025-03-10T11:23:25.690-03:00 DEBUG 18800 --- [project-manager] [main] org.hibernate.SQL                        : alter table if exists project_team add constraint FK6unn1aihx508a3epiatkfsqmd foreign key (project_id) references gfc_projects
2025-03-10T11:23:25.701-03:00  INFO 18800 --- [project-manager] [main] j.LocalContainerEntityManagerFactoryBean : Initialized JPA EntityManagerFactory for persistence unit 'default'
2025-03-10T11:23:26.414-03:00  INFO 18800 --- [project-manager] [main] r$InitializeUserDetailsManagerConfigurer : Global AuthenticationManager configured with UserDetailsService bean with name userDetailServiceImpl
2025-03-10T11:23:26.749-03:00  WARN 18800 --- [project-manager] [main] JpaBaseConfiguration$JpaWebConfiguration : spring.jpa.open-in-view is enabled by default. Therefore, database queries may be performed during view rendering. Explicitly configure spring.jpa.open-in-view to disable this warning
2025-03-10T11:23:27.016-03:00 DEBUG 18800 --- [project-manager] [main] s.w.s.m.m.a.RequestMappingHandlerMapping : 31 mappings in 'requestMappingHandlerMapping'
2025-03-10T11:23:27.267-03:00 DEBUG 18800 --- [project-manager] [main] o.s.w.s.handler.SimpleUrlHandlerMapping  : Patterns [/webjars/**, /**] in 'resourceHandlerMapping'
2025-03-10T11:23:27.517-03:00 DEBUG 18800 --- [project-manager] [main] s.w.s.m.m.a.RequestMappingHandlerAdapter : ControllerAdvice beans: 0 @ModelAttribute, 0 @InitBinder, 1 RequestBodyAdvice, 1 ResponseBodyAdvice
2025-03-10T11:23:27.639-03:00 DEBUG 18800 --- [project-manager] [main] .m.m.a.ExceptionHandlerExceptionResolver : ControllerAdvice beans: 0 @ExceptionHandler, 1 ResponseBodyAdvice
2025-03-10T11:23:27.911-03:00  INFO 18800 --- [project-manager] [main] o.s.b.w.embedded.tomcat.TomcatWebServer  : Tomcat started on port 8080 (http) with context path '/'
2025-03-10T11:23:27.930-03:00  INFO 18800 --- [project-manager] [main] b.c.g.p.ProjectManagerApplication        : Started ProjectManagerApplication in 10.466 seconds (process running for 11.067)
2025-03-10T11:23:28.174-03:00 DEBUG 18800 --- [project-manager] [main] org.hibernate.SQL                        : select ue1_0.id,ue1_0.code_expiration_date,ue1_0.email,ue1_0.join_date,ue1_0.login,ue1_0.name,ue1_0.password,ue1_0.reset_password_code,ue1_0.role from gfc_user ue1_0 where ue1_0.login=?
2025-03-10T11:23:28.392-03:00 DEBUG 18800 --- [project-manager] [main] org.hibernate.SQL                        : insert into gfc_user (code_expiration_date,email,join_date,login,name,password,reset_password_code,role) values (?,?,?,?,?,?,?,?)
2025-03-10T11:23:28.427-03:00 DEBUG 18800 --- [project-manager] [main] org.hibernate.SQL                        : select ue1_0.id,ue1_0.code_expiration_date,ue1_0.email,ue1_0.join_date,ue1_0.login,ue1_0.name,ue1_0.password,ue1_0.reset_password_code,ue1_0.role from gfc_user ue1_0 where ue1_0.login=?
2025-03-10T11:23:28.515-03:00 DEBUG 18800 --- [project-manager] [main] org.hibernate.SQL                        : insert into gfc_user (code_expiration_date,email,join_date,login,name,password,reset_password_code,role) values (?,?,?,?,?,?,?,?)
2025-03-10T11:23:46.026-03:00  INFO 18800 --- [project-manager] [http-nio-8080-exec-1] o.a.c.c.C.[Tomcat].[localhost].[/]       : Initializing Spring DispatcherServlet 'dispatcherServlet'
2025-03-10T11:23:46.034-03:00  INFO 18800 --- [project-manager] [http-nio-8080-exec-1] o.s.web.servlet.DispatcherServlet        : Initializing Servlet 'dispatcherServlet'
2025-03-10T11:23:46.038-03:00 DEBUG 18800 --- [project-manager] [http-nio-8080-exec-1] o.s.web.servlet.DispatcherServlet        : Detected StandardServletMultipartResolver
2025-03-10T11:23:46.044-03:00 DEBUG 18800 --- [project-manager] [http-nio-8080-exec-1] o.s.web.servlet.DispatcherServlet        : Detected AcceptHeaderLocaleResolver
2025-03-10T11:23:46.048-03:00 DEBUG 18800 --- [project-manager] [http-nio-8080-exec-1] o.s.web.servlet.DispatcherServlet        : Detected FixedThemeResolver
2025-03-10T11:23:46.052-03:00 DEBUG 18800 --- [project-manager] [http-nio-8080-exec-1] o.s.web.servlet.DispatcherServlet        : Detected org.springframework.web.servlet.view.DefaultRequestToViewNameTranslator@7e9d171c
2025-03-10T11:23:46.057-03:00 DEBUG 18800 --- [project-manager] [http-nio-8080-exec-1] o.s.web.servlet.DispatcherServlet        : Detected org.springframework.web.servlet.support.SessionFlashMapManager@6d97a357
2025-03-10T11:23:46.068-03:00 DEBUG 18800 --- [project-manager] [http-nio-8080-exec-1] o.s.web.servlet.DispatcherServlet        : enableLoggingRequestDetails='false': request parameters and headers will be masked to prevent unsafe logging of potentially sensitive data
2025-03-10T11:23:46.071-03:00  INFO 18800 --- [project-manager] [http-nio-8080-exec-1] o.s.web.servlet.DispatcherServlet        : Completed initialization in 33 ms
2025-03-10T11:23:46.823-03:00 DEBUG 18800 --- [project-manager] [http-nio-8080-exec-1] org.hibernate.SQL                        : select ue1_0.id,ue1_0.code_expiration_date,ue1_0.email,ue1_0.join_date,ue1_0.login,ue1_0.name,ue1_0.password,ue1_0.reset_password_code,ue1_0.role from gfc_user ue1_0 where ue1_0.login=?
2025-03-10T11:23:46.854-03:00 DEBUG 18800 --- [project-manager] [http-nio-8080-exec-1] o.s.web.servlet.DispatcherServlet        : POST "/auth/generate-reset-code", parameters={}
2025-03-10T11:23:46.860-03:00 DEBUG 18800 --- [project-manager] [http-nio-8080-exec-1] s.w.s.m.m.a.RequestMappingHandlerMapping : Mapped to br.com.gfctech.project_manager.controller.AuthController#generateResetCode(Map)
2025-03-10T11:23:46.963-03:00 DEBUG 18800 --- [project-manager] [http-nio-8080-exec-1] m.m.a.RequestResponseBodyMethodProcessor : Read "application/json;charset=UTF-8" to [{email=gabrielfeifer21@gmail.com}]
2025-03-10T11:23:47.018-03:00 DEBUG 18800 --- [project-manager] [http-nio-8080-exec-1] org.hibernate.SQL                        : select ue1_0.id,ue1_0.code_expiration_date,ue1_0.email,ue1_0.join_date,ue1_0.login,ue1_0.name,ue1_0.password,ue1_0.reset_password_code,ue1_0.role from gfc_user ue1_0 where ue1_0.email=?
2025-03-10T11:23:52.616-03:00 DEBUG 18800 --- [project-manager] [http-nio-8080-exec-1] org.hibernate.SQL                        : update gfc_user set code_expiration_date=?,email=?,join_date=?,login=?,name=?,password=?,reset_password_code=?,role=? where id=?
2025-03-10T11:23:52.641-03:00 DEBUG 18800 --- [project-manager] [http-nio-8080-exec-1] o.s.w.s.m.m.a.HttpEntityMethodProcessor  : Using 'application/json', given [application/json, text/plain, */*] and supported [text/plain, */*, application/json, application/*+json]
2025-03-10T11:23:52.646-03:00 DEBUG 18800 --- [project-manager] [http-nio-8080-exec-1] o.s.w.s.m.m.a.HttpEntityMethodProcessor  : Nothing to write: null body
2025-03-10T11:23:52.648-03:00 DEBUG 18800 --- [project-manager] [http-nio-8080-exec-1] o.s.web.servlet.DispatcherServlet        : Completed 200 OK
2025-03-10T11:24:46.074-03:00 DEBUG 18800 --- [project-manager] [http-nio-8080-exec-4] org.hibernate.SQL                        : select ue1_0.id,ue1_0.code_expiration_date,ue1_0.email,ue1_0.join_date,ue1_0.login,ue1_0.name,ue1_0.password,ue1_0.reset_password_code,ue1_0.role from gfc_user ue1_0 where ue1_0.login=?
2025-03-10T11:24:46.088-03:00 DEBUG 18800 --- [project-manager] [http-nio-8080-exec-4] o.s.web.servlet.DispatcherServlet        : POST "/auth/reset-password", parameters={}
2025-03-10T11:24:46.091-03:00 DEBUG 18800 --- [project-manager] [http-nio-8080-exec-4] s.w.s.m.m.a.RequestMappingHandlerMapping : Mapped to br.com.gfctech.project_manager.controller.AuthController#resetPassword(ResetPasswordDTO)
2025-03-10T11:24:46.323-03:00 DEBUG 18800 --- [project-manager] [http-nio-8080-exec-4] m.m.a.RequestResponseBodyMethodProcessor : Read "application/json;charset=UTF-8" to [br.com.gfctech.project_manager.dto.ResetPasswordDTO@24357982]
2025-03-10T11:24:46.347-03:00 DEBUG 18800 --- [project-manager] [http-nio-8080-exec-4] org.hibernate.SQL                        : select ue1_0.id,ue1_0.code_expiration_date,ue1_0.email,ue1_0.join_date,ue1_0.login,ue1_0.name,ue1_0.password,ue1_0.reset_password_code,ue1_0.role from gfc_user ue1_0 where ue1_0.email=?
2025-03-10T11:24:46.481-03:00 DEBUG 18800 --- [project-manager] [http-nio-8080-exec-4] org.hibernate.SQL                        : update gfc_user set code_expiration_date=?,email=?,join_date=?,login=?,name=?,password=?,reset_password_code=?,role=? where id=?
2025-03-10T11:24:46.491-03:00 DEBUG 18800 --- [project-manager] [http-nio-8080-exec-4] o.s.w.s.m.m.a.HttpEntityMethodProcessor  : Using 'application/json', given [application/json, text/plain, */*] and supported [text/plain, */*, application/json, application/*+json]
2025-03-10T11:24:46.493-03:00 DEBUG 18800 --- [project-manager] [http-nio-8080-exec-4] o.s.w.s.m.m.a.HttpEntityMethodProcessor  : Writing ["Senha redefinida com sucesso."]
2025-03-10T11:24:46.500-03:00 DEBUG 18800 --- [project-manager] [http-nio-8080-exec-4] o.s.web.servlet.DispatcherServlet        : Completed 200 OK
