2025-03-03T13:40:35.867-03:00  INFO 29652 --- [project-manager] [main] b.c.g.p.ProjectManagerApplication        : Starting ProjectManagerApplication using Java 21.0.5 with PID 29652 (C:\Users\gfcde\Downloads\project-manager\project-manager\target\classes started by gfcde in C:\Users\gfcde\Downloads\project-manager\project-manager)
2025-03-03T13:40:35.870-03:00  INFO 29652 --- [project-manager] [main] b.c.g.p.ProjectManagerApplication        : No active profile set, falling back to 1 default profile: "default"
2025-03-03T13:40:36.708-03:00  INFO 29652 --- [project-manager] [main] .s.d.r.c.RepositoryConfigurationDelegate : Bootstrapping Spring Data JPA repositories in DEFAULT mode.
2025-03-03T13:40:36.807-03:00  INFO 29652 --- [project-manager] [main] .s.d.r.c.RepositoryConfigurationDelegate : Finished Spring Data repository scanning in 87 ms. Found 5 JPA repository interfaces.
2025-03-03T13:40:37.788-03:00  INFO 29652 --- [project-manager] [main] o.s.b.w.embedded.tomcat.TomcatWebServer  : Tomcat initialized with port 8080 (http)
2025-03-03T13:40:37.823-03:00  INFO 29652 --- [project-manager] [main] o.apache.catalina.core.StandardService   : Starting service [Tomcat]
2025-03-03T13:40:37.824-03:00  INFO 29652 --- [project-manager] [main] o.apache.catalina.core.StandardEngine    : Starting Servlet engine: [Apache Tomcat/10.1.34]
2025-03-03T13:40:37.910-03:00  INFO 29652 --- [project-manager] [main] o.a.c.c.C.[Tomcat].[localhost].[/]       : Initializing Spring embedded WebApplicationContext
2025-03-03T13:40:37.911-03:00  INFO 29652 --- [project-manager] [main] w.s.c.ServletWebServerApplicationContext : Root WebApplicationContext: initialization completed in 1981 ms
2025-03-03T13:40:38.213-03:00  INFO 29652 --- [project-manager] [main] o.hibernate.jpa.internal.util.LogHelper  : HHH000204: Processing PersistenceUnitInfo [name: default]
2025-03-03T13:40:38.335-03:00  INFO 29652 --- [project-manager] [main] org.hibernate.Version                    : HHH000412: Hibernate ORM core version 6.6.5.Final
2025-03-03T13:40:38.384-03:00  INFO 29652 --- [project-manager] [main] o.h.c.internal.RegionFactoryInitiator    : HHH000026: Second-level cache disabled
2025-03-03T13:40:38.681-03:00  INFO 29652 --- [project-manager] [main] o.s.o.j.p.SpringPersistenceUnitInfo      : No LoadTimeWeaver setup: ignoring JPA class transformer
2025-03-03T13:40:38.727-03:00  INFO 29652 --- [project-manager] [main] com.zaxxer.hikari.HikariDataSource       : HikariPool-1 - Starting...
2025-03-03T13:40:38.924-03:00  INFO 29652 --- [project-manager] [main] com.zaxxer.hikari.pool.HikariPool        : HikariPool-1 - Added connection org.postgresql.jdbc.PgConnection@2bfa17b0
2025-03-03T13:40:38.926-03:00  INFO 29652 --- [project-manager] [main] com.zaxxer.hikari.HikariDataSource       : HikariPool-1 - Start completed.
2025-03-03T13:40:38.957-03:00  WARN 29652 --- [project-manager] [main] org.hibernate.orm.deprecation            : HHH90000025: PostgreSQLDialect does not need to be specified explicitly using 'hibernate.dialect' (remove the property setting and it will be selected by default)
2025-03-03T13:40:38.975-03:00  INFO 29652 --- [project-manager] [main] org.hibernate.orm.connections.pooling    : HHH10001005: Database info:
	Database JDBC URL [Connecting through datasource 'HikariDataSource (HikariPool-1)']
	Database driver: undefined/unknown
	Database version: 16.3
	Autocommit mode: undefined/unknown
	Isolation level: undefined/unknown
	Minimum pool size: undefined/unknown
	Maximum pool size: undefined/unknown
2025-03-03T13:40:39.841-03:00  INFO 29652 --- [project-manager] [main] o.h.e.t.j.p.i.JtaPlatformInitiator       : HHH000489: No JTA platform available (set 'hibernate.transaction.jta.platform' to enable JTA platform integration)
2025-03-03T13:40:39.948-03:00  INFO 29652 --- [project-manager] [main] j.LocalContainerEntityManagerFactoryBean : Initialized JPA EntityManagerFactory for persistence unit 'default'
2025-03-03T13:40:40.326-03:00  INFO 29652 --- [project-manager] [main] r$InitializeUserDetailsManagerConfigurer : Global AuthenticationManager configured with UserDetailsService bean with name userDetailServiceImpl
2025-03-03T13:40:40.481-03:00  WARN 29652 --- [project-manager] [main] JpaBaseConfiguration$JpaWebConfiguration : spring.jpa.open-in-view is enabled by default. Therefore, database queries may be performed during view rendering. Explicitly configure spring.jpa.open-in-view to disable this warning
2025-03-03T13:40:40.644-03:00 DEBUG 29652 --- [project-manager] [main] s.w.s.m.m.a.RequestMappingHandlerMapping : 25 mappings in 'requestMappingHandlerMapping'
2025-03-03T13:40:40.784-03:00 DEBUG 29652 --- [project-manager] [main] o.s.w.s.handler.SimpleUrlHandlerMapping  : Patterns [/webjars/**, /**] in 'resourceHandlerMapping'
2025-03-03T13:40:40.971-03:00 DEBUG 29652 --- [project-manager] [main] s.w.s.m.m.a.RequestMappingHandlerAdapter : ControllerAdvice beans: 0 @ModelAttribute, 0 @InitBinder, 1 RequestBodyAdvice, 1 ResponseBodyAdvice
2025-03-03T13:40:41.049-03:00 DEBUG 29652 --- [project-manager] [main] .m.m.a.ExceptionHandlerExceptionResolver : ControllerAdvice beans: 0 @ExceptionHandler, 1 ResponseBodyAdvice
2025-03-03T13:40:41.300-03:00  INFO 29652 --- [project-manager] [main] o.s.b.w.embedded.tomcat.TomcatWebServer  : Tomcat started on port 8080 (http) with context path '/'
2025-03-03T13:40:41.308-03:00  INFO 29652 --- [project-manager] [main] b.c.g.p.ProjectManagerApplication        : Started ProjectManagerApplication in 5.971 seconds (process running for 6.298)
2025-03-03T14:12:04.812-03:00  WARN 29652 --- [project-manager] [HikariPool-1 housekeeper] com.zaxxer.hikari.pool.HikariPool        : HikariPool-1 - Thread starvation or clock leap detected (housekeeper delta=22m55s659ms261µs500ns).
2025-03-03T14:13:18.088-03:00  WARN 29652 --- [project-manager] [HikariPool-1 housekeeper] com.zaxxer.hikari.pool.HikariPool        : HikariPool-1 - Thread starvation or clock leap detected (housekeeper delta=1m13s275ms511µs600ns).
2025-03-03T14:23:40.708-03:00  WARN 29652 --- [project-manager] [HikariPool-1 housekeeper] com.zaxxer.hikari.pool.HikariPool        : HikariPool-1 - Thread starvation or clock leap detected (housekeeper delta=7m52s573ms776µs200ns).
2025-03-03T14:50:39.280-03:00  WARN 29652 --- [project-manager] [HikariPool-1 housekeeper] com.zaxxer.hikari.pool.HikariPool        : HikariPool-1 - Thread starvation or clock leap detected (housekeeper delta=1m28s157ms500µs).
2025-03-03T15:41:24.593-03:00  WARN 29652 --- [project-manager] [HikariPool-1 housekeeper] com.zaxxer.hikari.pool.HikariPool        : HikariPool-1 - Thread starvation or clock leap detected (housekeeper delta=37m15s84ms199µs500ns).
2025-03-03T15:42:12.212-03:00  INFO 29652 --- [project-manager] [http-nio-8080-exec-1] o.a.c.c.C.[Tomcat].[localhost].[/]       : Initializing Spring DispatcherServlet 'dispatcherServlet'
2025-03-03T15:42:12.213-03:00  INFO 29652 --- [project-manager] [http-nio-8080-exec-1] o.s.web.servlet.DispatcherServlet        : Initializing Servlet 'dispatcherServlet'
2025-03-03T15:42:12.215-03:00 DEBUG 29652 --- [project-manager] [http-nio-8080-exec-1] o.s.web.servlet.DispatcherServlet        : Detected StandardServletMultipartResolver
2025-03-03T15:42:12.215-03:00 DEBUG 29652 --- [project-manager] [http-nio-8080-exec-1] o.s.web.servlet.DispatcherServlet        : Detected AcceptHeaderLocaleResolver
2025-03-03T15:42:12.216-03:00 DEBUG 29652 --- [project-manager] [http-nio-8080-exec-1] o.s.web.servlet.DispatcherServlet        : Detected FixedThemeResolver
2025-03-03T15:42:12.221-03:00 DEBUG 29652 --- [project-manager] [http-nio-8080-exec-1] o.s.web.servlet.DispatcherServlet        : Detected org.springframework.web.servlet.view.DefaultRequestToViewNameTranslator@7a41f4a7
2025-03-03T15:42:12.222-03:00 DEBUG 29652 --- [project-manager] [http-nio-8080-exec-1] o.s.web.servlet.DispatcherServlet        : Detected org.springframework.web.servlet.support.SessionFlashMapManager@50bc0bbd
2025-03-03T15:42:12.223-03:00 DEBUG 29652 --- [project-manager] [http-nio-8080-exec-1] o.s.web.servlet.DispatcherServlet        : enableLoggingRequestDetails='false': request parameters and headers will be masked to prevent unsafe logging of potentially sensitive data
2025-03-03T15:42:12.224-03:00  INFO 29652 --- [project-manager] [http-nio-8080-exec-1] o.s.web.servlet.DispatcherServlet        : Completed initialization in 10 ms
2025-03-03T15:42:12.367-03:00 DEBUG 29652 --- [project-manager] [http-nio-8080-exec-3] o.s.web.servlet.DispatcherServlet        : POST "/auth/login", parameters={}
2025-03-03T15:42:12.369-03:00 DEBUG 29652 --- [project-manager] [http-nio-8080-exec-3] s.w.s.m.m.a.RequestMappingHandlerMapping : Mapped to br.com.gfctech.project_manager.controller.AuthController#login(AuthenticationDTO)
2025-03-03T15:42:12.416-03:00 DEBUG 29652 --- [project-manager] [http-nio-8080-exec-3] m.m.a.RequestResponseBodyMethodProcessor : Read "application/json;charset=UTF-8" to [br.com.gfctech.project_manager.dto.AuthenticationDTO@1f177916]
2025-03-03T15:42:12.580-03:00 DEBUG 29652 --- [project-manager] [http-nio-8080-exec-3] o.s.w.s.m.m.a.HttpEntityMethodProcessor  : Using 'application/json', given [application/json, text/plain, */*] and supported [application/json, application/*+json]
2025-03-03T15:42:12.581-03:00 DEBUG 29652 --- [project-manager] [http-nio-8080-exec-3] o.s.w.s.m.m.a.HttpEntityMethodProcessor  : Writing [br.com.gfctech.project_manager.dto.AcessDTO@71234b6e]
2025-03-03T15:42:12.586-03:00 DEBUG 29652 --- [project-manager] [http-nio-8080-exec-3] o.s.web.servlet.DispatcherServlet        : Completed 200 OK
